2020-01-07 15:01:53,873 INFO o.a.j.u.JMeterUtils: Setting Locale to en_EN
2020-01-07 15:01:53,909 INFO o.a.j.JMeter: Loading user properties from: user.properties
2020-01-07 15:01:53,911 INFO o.a.j.JMeter: Loading system properties from: /usr/local/Cellar/jmeter/5.0/libexec/bin/system.properties
2020-01-07 15:01:53,917 INFO o.a.j.JMeter: Copyright (c) 1998-2018 The Apache Software Foundation
2020-01-07 15:01:53,918 INFO o.a.j.JMeter: Version 5.0 r1840935
2020-01-07 15:01:53,918 INFO o.a.j.JMeter: java.version=11.0.1
2020-01-07 15:01:53,918 INFO o.a.j.JMeter: java.vm.name=OpenJDK 64-Bit Server VM
2020-01-07 15:01:53,918 INFO o.a.j.JMeter: os.name=Mac OS X
2020-01-07 15:01:53,918 INFO o.a.j.JMeter: os.arch=x86_64
2020-01-07 15:01:53,918 INFO o.a.j.JMeter: os.version=10.14.6
2020-01-07 15:01:53,918 INFO o.a.j.JMeter: file.encoding=UTF-8
2020-01-07 15:01:53,918 INFO o.a.j.JMeter: Max memory     =1073741824
2020-01-07 15:01:53,918 INFO o.a.j.JMeter: Available Processors =12
2020-01-07 15:01:53,928 INFO o.a.j.JMeter: Default Locale=English (EN)
2020-01-07 15:01:53,928 INFO o.a.j.JMeter: JMeter  Locale=English (EN)
2020-01-07 15:01:53,928 INFO o.a.j.JMeter: JMeterHome=/usr/local/Cellar/jmeter/5.0/libexec
2020-01-07 15:01:53,928 INFO o.a.j.JMeter: user.dir  =/Users/howarddavis/RCR/rod-catch-performace
2020-01-07 15:01:53,929 INFO o.a.j.JMeter: PWD       =/Users/howarddavis/RCR/rod-catch-performace
2020-01-07 15:01:53,930 INFO o.a.j.JMeter: IP: 10.64.64.159 Name: Howards-MacBook-Pro-2.local FullName: 10.64.64.159
2020-01-07 15:01:55,452 INFO o.a.j.g.a.LookAndFeelCommand: Installing Darcula LAF
2020-01-07 15:01:55,460 INFO o.a.j.g.a.LookAndFeelCommand: Using look and feel: com.bulenkov.darcula.DarculaLaf [Darcula]
2020-01-07 15:01:55,460 INFO o.a.j.JMeter: Setting LAF to: com.bulenkov.darcula.DarculaLaf
2020-01-07 15:01:55,559 INFO o.a.j.JMeter: Loaded icon properties from org/apache/jmeter/images/icon.properties
2020-01-07 15:01:56,301 INFO o.a.j.e.u.CompoundVariable: Note: Function class names must contain the string: '.functions.'
2020-01-07 15:01:56,302 INFO o.a.j.e.u.CompoundVariable: Note: Function class names must not contain the string: '.gui.'
2020-01-07 15:01:57,305 INFO k.a.j.JMeterPluginsUtils: JMeter-Plugins.org v.1.4.0
2020-01-07 15:01:57,756 WARN o.a.j.g.u.MenuFactory: Configuration error, probably corrupt or missing third party library(jar)? Could not create class: kg.apc.jmeter.reporters.LoadosophiaUploaderGui.
java.lang.NoClassDefFoundError: org/apache/commons/httpclient/methods/multipart/PartSource
	at kg.apc.jmeter.reporters.LoadosophiaUploaderGui.init(LoadosophiaUploaderGui.java:114) ~[JMeterPlugins-Standard.jar:?]
	at kg.apc.jmeter.reporters.LoadosophiaUploaderGui.<init>(LoadosophiaUploaderGui.java:28) ~[JMeterPlugins-Standard.jar:?]
	at jdk.internal.reflect.NativeConstructorAccessorImpl.newInstance0(Native Method) ~[?:?]
	at jdk.internal.reflect.NativeConstructorAccessorImpl.newInstance(NativeConstructorAccessorImpl.java:62) ~[?:?]
	at jdk.internal.reflect.DelegatingConstructorAccessorImpl.newInstance(DelegatingConstructorAccessorImpl.java:45) ~[?:?]
	at java.lang.reflect.Constructor.newInstance(Constructor.java:490) ~[?:?]
	at java.lang.Class.newInstance(Class.java:584) ~[?:?]
	at org.apache.jmeter.gui.util.MenuFactory.getGUIComponent(MenuFactory.java:174) [ApacheJMeter_core.jar:5.0 r1840935]
	at org.apache.jmeter.gui.util.MenuFactory.initializeMenus(MenuFactory.java:141) [ApacheJMeter_core.jar:5.0 r1840935]
	at org.apache.jmeter.gui.util.MenuFactory.<clinit>(MenuFactory.java:106) [ApacheJMeter_core.jar:5.0 r1840935]
	at org.apache.jmeter.control.gui.TestPlanGui.createPopupMenu(TestPlanGui.java:92) [ApacheJMeter_core.jar:5.0 r1840935]
	at org.apache.jmeter.gui.tree.JMeterTreeNode.createPopupMenu(JMeterTreeNode.java:184) [ApacheJMeter_core.jar:5.0 r1840935]
	at org.apache.jmeter.gui.action.EditCommand.doAction(EditCommand.java:46) [ApacheJMeter_core.jar:5.0 r1840935]
	at org.apache.jmeter.gui.action.ActionRouter.performAction(ActionRouter.java:88) [ApacheJMeter_core.jar:5.0 r1840935]
	at org.apache.jmeter.gui.action.ActionRouter.lambda$actionPerformed$0(ActionRouter.java:70) [ApacheJMeter_core.jar:5.0 r1840935]
	at java.awt.event.InvocationEvent.dispatch(InvocationEvent.java:313) [?:?]
	at java.awt.EventQueue.dispatchEventImpl(EventQueue.java:770) [?:?]
	at java.awt.EventQueue$4.run(EventQueue.java:721) [?:?]
	at java.awt.EventQueue$4.run(EventQueue.java:715) [?:?]
	at java.security.AccessController.doPrivileged(Native Method) [?:?]
	at java.security.ProtectionDomain$JavaSecurityAccessImpl.doIntersectionPrivilege(ProtectionDomain.java:85) [?:?]
	at java.awt.EventQueue.dispatchEvent(EventQueue.java:740) [?:?]
	at java.awt.EventDispatchThread.pumpOneEventForFilters(EventDispatchThread.java:203) [?:?]
	at java.awt.EventDispatchThread.pumpEventsForFilter(EventDispatchThread.java:124) [?:?]
	at java.awt.EventDispatchThread.pumpEventsForHierarchy(EventDispatchThread.java:113) [?:?]
	at java.awt.EventDispatchThread.pumpEvents(EventDispatchThread.java:109) [?:?]
	at java.awt.EventDispatchThread.pumpEvents(EventDispatchThread.java:101) [?:?]
	at java.awt.EventDispatchThread.run(EventDispatchThread.java:90) [?:?]
Caused by: java.lang.ClassNotFoundException: org.apache.commons.httpclient.methods.multipart.PartSource
	at java.net.URLClassLoader.findClass(URLClassLoader.java:471) ~[?:?]
	at java.lang.ClassLoader.loadClass(ClassLoader.java:588) ~[?:?]
	at java.lang.ClassLoader.loadClass(ClassLoader.java:521) ~[?:?]
	... 28 more
2020-01-07 15:01:58,286 INFO o.a.j.p.h.s.HTTPSamplerBase: Parser for text/html is org.apache.jmeter.protocol.http.parser.LagartoBasedHtmlParser
2020-01-07 15:01:58,286 INFO o.a.j.p.h.s.HTTPSamplerBase: Parser for application/xhtml+xml is org.apache.jmeter.protocol.http.parser.LagartoBasedHtmlParser
2020-01-07 15:01:58,286 INFO o.a.j.p.h.s.HTTPSamplerBase: Parser for application/xml is org.apache.jmeter.protocol.http.parser.LagartoBasedHtmlParser
2020-01-07 15:01:58,286 INFO o.a.j.p.h.s.HTTPSamplerBase: Parser for text/xml is org.apache.jmeter.protocol.http.parser.LagartoBasedHtmlParser
2020-01-07 15:01:58,286 INFO o.a.j.p.h.s.HTTPSamplerBase: Parser for text/vnd.wap.wml is org.apache.jmeter.protocol.http.parser.RegexpHTMLParser
2020-01-07 15:01:58,286 INFO o.a.j.p.h.s.HTTPSamplerBase: Parser for text/css is org.apache.jmeter.protocol.http.parser.CssParser
2020-01-07 15:01:58,600 INFO o.a.j.e.KeyToolUtils: keytool found at 'keytool'
2020-01-07 15:01:58,601 INFO o.a.j.p.h.p.ProxyControl: HTTP(S) Test Script Recorder SSL Proxy will use keys that support embedded 3rd party resources in file /usr/local/Cellar/jmeter/5.0/libexec/bin/proxyserver.jks
2020-01-07 15:01:58,730 INFO o.a.j.s.FileServer: Default base='/Users/howarddavis/RCR/rod-catch-performace'
2020-01-07 15:01:59,024 INFO o.a.j.s.SampleResult: Note: Sample TimeStamps are START times
2020-01-07 15:01:59,025 INFO o.a.j.s.SampleResult: sampleresult.default.encoding is set to ISO-8859-1
2020-01-07 15:01:59,025 INFO o.a.j.s.SampleResult: sampleresult.useNanoTime=true
2020-01-07 15:01:59,025 INFO o.a.j.s.SampleResult: sampleresult.nanoThreadSleep=5000
2020-01-07 15:01:59,046 WARN o.a.j.v.ViewResultsFullVisualizer: Error loading result renderer: org.apache.jmeter.visualizers.RenderInBrowser
java.lang.NoClassDefFoundError: javafx/embed/swing/JFXPanel
	at java.lang.Class.forName0(Native Method) ~[?:?]
	at java.lang.Class.forName(Class.java:315) ~[?:?]
	at org.apache.jmeter.visualizers.ViewResultsFullVisualizer.createComboRender(ViewResultsFullVisualizer.java:462) [ApacheJMeter_components.jar:5.0 r1840935]
	at org.apache.jmeter.visualizers.ViewResultsFullVisualizer.createLeftPanel(ViewResultsFullVisualizer.java:430) [ApacheJMeter_components.jar:5.0 r1840935]
	at org.apache.jmeter.visualizers.ViewResultsFullVisualizer.init(ViewResultsFullVisualizer.java:342) [ApacheJMeter_components.jar:5.0 r1840935]
	at org.apache.jmeter.visualizers.ViewResultsFullVisualizer.<init>(ViewResultsFullVisualizer.java:147) [ApacheJMeter_components.jar:5.0 r1840935]
	at jdk.internal.reflect.NativeConstructorAccessorImpl.newInstance0(Native Method) ~[?:?]
	at jdk.internal.reflect.NativeConstructorAccessorImpl.newInstance(NativeConstructorAccessorImpl.java:62) ~[?:?]
	at jdk.internal.reflect.DelegatingConstructorAccessorImpl.newInstance(DelegatingConstructorAccessorImpl.java:45) ~[?:?]
	at java.lang.reflect.Constructor.newInstance(Constructor.java:490) ~[?:?]
	at java.lang.Class.newInstance(Class.java:584) [?:?]
	at org.apache.jmeter.gui.util.MenuFactory.getGUIComponent(MenuFactory.java:174) [ApacheJMeter_core.jar:5.0 r1840935]
	at org.apache.jmeter.gui.util.MenuFactory.initializeMenus(MenuFactory.java:141) [ApacheJMeter_core.jar:5.0 r1840935]
	at org.apache.jmeter.gui.util.MenuFactory.<clinit>(MenuFactory.java:106) [ApacheJMeter_core.jar:5.0 r1840935]
	at org.apache.jmeter.control.gui.TestPlanGui.createPopupMenu(TestPlanGui.java:92) [ApacheJMeter_core.jar:5.0 r1840935]
	at org.apache.jmeter.gui.tree.JMeterTreeNode.createPopupMenu(JMeterTreeNode.java:184) [ApacheJMeter_core.jar:5.0 r1840935]
	at org.apache.jmeter.gui.action.EditCommand.doAction(EditCommand.java:46) [ApacheJMeter_core.jar:5.0 r1840935]
	at org.apache.jmeter.gui.action.ActionRouter.performAction(ActionRouter.java:88) [ApacheJMeter_core.jar:5.0 r1840935]
	at org.apache.jmeter.gui.action.ActionRouter.lambda$actionPerformed$0(ActionRouter.java:70) [ApacheJMeter_core.jar:5.0 r1840935]
	at java.awt.event.InvocationEvent.dispatch(InvocationEvent.java:313) [?:?]
	at java.awt.EventQueue.dispatchEventImpl(EventQueue.java:770) [?:?]
	at java.awt.EventQueue$4.run(EventQueue.java:721) [?:?]
	at java.awt.EventQueue$4.run(EventQueue.java:715) [?:?]
	at java.security.AccessController.doPrivileged(Native Method) [?:?]
	at java.security.ProtectionDomain$JavaSecurityAccessImpl.doIntersectionPrivilege(ProtectionDomain.java:85) [?:?]
	at java.awt.EventQueue.dispatchEvent(EventQueue.java:740) [?:?]
	at java.awt.EventDispatchThread.pumpOneEventForFilters(EventDispatchThread.java:203) [?:?]
	at java.awt.EventDispatchThread.pumpEventsForFilter(EventDispatchThread.java:124) [?:?]
	at java.awt.EventDispatchThread.pumpEventsForHierarchy(EventDispatchThread.java:113) [?:?]
	at java.awt.EventDispatchThread.pumpEvents(EventDispatchThread.java:109) [?:?]
	at java.awt.EventDispatchThread.pumpEvents(EventDispatchThread.java:101) [?:?]
	at java.awt.EventDispatchThread.run(EventDispatchThread.java:90) [?:?]
Caused by: java.lang.ClassNotFoundException: javafx.embed.swing.JFXPanel
	at java.net.URLClassLoader.findClass(URLClassLoader.java:471) ~[?:?]
	at java.lang.ClassLoader.loadClass(ClassLoader.java:588) ~[?:?]
	at java.lang.ClassLoader.loadClass(ClassLoader.java:521) ~[?:?]
	... 32 more
2020-01-07 15:02:05,677 INFO o.a.j.g.a.Load: Loading file: /Users/howarddavis/RCR/rod-catch-performace/FrontendTests.jmx
2020-01-07 15:02:05,677 INFO o.a.j.s.FileServer: Set new base='/Users/howarddavis/RCR/rod-catch-performace'
2020-01-07 15:02:05,834 INFO o.a.j.s.SaveService: Testplan (JMX) version: 2.2. Testlog (JTL) version: 2.2
2020-01-07 15:02:05,862 INFO o.a.j.s.SaveService: Using SaveService properties version 5.0
2020-01-07 15:02:05,864 INFO o.a.j.s.SaveService: Using SaveService properties file encoding UTF-8
2020-01-07 15:02:05,865 INFO o.a.j.s.SaveService: Loading file: /Users/howarddavis/RCR/rod-catch-performace/FrontendTests.jmx
2020-01-07 15:02:05,898 INFO o.a.j.p.h.c.CacheManager: Will only cache the following methods: [GET]
2020-01-07 15:02:05,899 INFO o.a.j.p.h.c.CookieManager: Settings: Delete null: true Check: true Allow variable: true Save: false Prefix: COOKIE_
2020-01-07 15:02:06,071 WARN o.a.j.v.ViewResultsFullVisualizer: Error loading result renderer: org.apache.jmeter.visualizers.RenderInBrowser
java.lang.NoClassDefFoundError: javafx/embed/swing/JFXPanel
	at java.lang.Class.forName0(Native Method) ~[?:?]
	at java.lang.Class.forName(Class.java:315) ~[?:?]
	at org.apache.jmeter.visualizers.ViewResultsFullVisualizer.createComboRender(ViewResultsFullVisualizer.java:462) [ApacheJMeter_components.jar:5.0 r1840935]
	at org.apache.jmeter.visualizers.ViewResultsFullVisualizer.createLeftPanel(ViewResultsFullVisualizer.java:430) [ApacheJMeter_components.jar:5.0 r1840935]
	at org.apache.jmeter.visualizers.ViewResultsFullVisualizer.init(ViewResultsFullVisualizer.java:342) [ApacheJMeter_components.jar:5.0 r1840935]
	at org.apache.jmeter.visualizers.ViewResultsFullVisualizer.<init>(ViewResultsFullVisualizer.java:147) [ApacheJMeter_components.jar:5.0 r1840935]
	at jdk.internal.reflect.NativeConstructorAccessorImpl.newInstance0(Native Method) ~[?:?]
	at jdk.internal.reflect.NativeConstructorAccessorImpl.newInstance(NativeConstructorAccessorImpl.java:62) ~[?:?]
	at jdk.internal.reflect.DelegatingConstructorAccessorImpl.newInstance(DelegatingConstructorAccessorImpl.java:45) ~[?:?]
	at java.lang.reflect.Constructor.newInstance(Constructor.java:490) ~[?:?]
	at java.lang.Class.newInstance(Class.java:584) [?:?]
	at org.apache.jmeter.gui.GuiPackage.getGuiFromCache(GuiPackage.java:405) [ApacheJMeter_core.jar:5.0 r1840935]
	at org.apache.jmeter.gui.GuiPackage.getGui(GuiPackage.java:251) [ApacheJMeter_core.jar:5.0 r1840935]
	at org.apache.jmeter.gui.GuiPackage.getGui(GuiPackage.java:222) [ApacheJMeter_core.jar:5.0 r1840935]
	at org.apache.jmeter.gui.tree.JMeterTreeModel.addComponent(JMeterTreeModel.java:157) [ApacheJMeter_core.jar:5.0 r1840935]
	at org.apache.jmeter.gui.tree.JMeterTreeModel.addSubTree(JMeterTreeModel.java:133) [ApacheJMeter_core.jar:5.0 r1840935]
	at org.apache.jmeter.gui.tree.JMeterTreeModel.addSubTree(JMeterTreeModel.java:125) [ApacheJMeter_core.jar:5.0 r1840935]
	at org.apache.jmeter.gui.GuiPackage.addSubTree(GuiPackage.java:522) [ApacheJMeter_core.jar:5.0 r1840935]
	at org.apache.jmeter.gui.action.Load.insertLoadedTree(Load.java:200) [ApacheJMeter_core.jar:5.0 r1840935]
	at org.apache.jmeter.gui.action.Load.loadProjectFile(Load.java:131) [ApacheJMeter_core.jar:5.0 r1840935]
	at org.apache.jmeter.gui.action.Load.loadProjectFile(Load.java:102) [ApacheJMeter_core.jar:5.0 r1840935]
	at org.apache.jmeter.gui.action.LoadRecentProject.doActionAfterCheck(LoadRecentProject.java:67) [ApacheJMeter_core.jar:5.0 r1840935]
	at org.apache.jmeter.gui.action.AbstractActionWithNoRunningTest.doAction(AbstractActionWithNoRunningTest.java:45) [ApacheJMeter_core.jar:5.0 r1840935]
	at org.apache.jmeter.gui.action.ActionRouter.performAction(ActionRouter.java:88) [ApacheJMeter_core.jar:5.0 r1840935]
	at org.apache.jmeter.gui.action.ActionRouter.lambda$actionPerformed$0(ActionRouter.java:70) [ApacheJMeter_core.jar:5.0 r1840935]
	at java.awt.event.InvocationEvent.dispatch(InvocationEvent.java:313) [?:?]
	at java.awt.EventQueue.dispatchEventImpl(EventQueue.java:770) [?:?]
	at java.awt.EventQueue$4.run(EventQueue.java:721) [?:?]
	at java.awt.EventQueue$4.run(EventQueue.java:715) [?:?]
	at java.security.AccessController.doPrivileged(Native Method) [?:?]
	at java.security.ProtectionDomain$JavaSecurityAccessImpl.doIntersectionPrivilege(ProtectionDomain.java:85) [?:?]
	at java.awt.EventQueue.dispatchEvent(EventQueue.java:740) [?:?]
	at java.awt.EventDispatchThread.pumpOneEventForFilters(EventDispatchThread.java:203) [?:?]
	at java.awt.EventDispatchThread.pumpEventsForFilter(EventDispatchThread.java:124) [?:?]
	at java.awt.EventDispatchThread.pumpEventsForHierarchy(EventDispatchThread.java:113) [?:?]
	at java.awt.EventDispatchThread.pumpEvents(EventDispatchThread.java:109) [?:?]
	at java.awt.EventDispatchThread.pumpEvents(EventDispatchThread.java:101) [?:?]
	at java.awt.EventDispatchThread.run(EventDispatchThread.java:90) [?:?]
Caused by: java.lang.ClassNotFoundException: javafx.embed.swing.JFXPanel
	at java.net.URLClassLoader.findClass(URLClassLoader.java:471) ~[?:?]
	at java.lang.ClassLoader.loadClass(ClassLoader.java:588) ~[?:?]
	at java.lang.ClassLoader.loadClass(ClassLoader.java:521) ~[?:?]
	... 38 more
2020-01-07 15:02:06,108 INFO o.a.j.s.FileServer: Set new base='/Users/howarddavis/RCR/rod-catch-performace'
2020-01-07 15:04:02,429 INFO o.a.j.e.StandardJMeterEngine: Running the test!
2020-01-07 15:04:02,430 INFO o.a.j.s.SampleEvent: List of sample_variables: []
2020-01-07 15:04:02,430 INFO o.a.j.s.SampleEvent: List of sample_variables: []
2020-01-07 15:04:02,474 INFO o.a.j.g.u.JMeterMenuBar: setRunning(true, *local*)
2020-01-07 15:04:02,521 INFO o.a.j.e.StandardJMeterEngine: Starting ThreadGroup: 1 : [TG] - Did Not Fish Users
2020-01-07 15:04:02,522 INFO o.a.j.e.StandardJMeterEngine: Starting 20 threads for group [TG] - Did Not Fish Users.
2020-01-07 15:04:02,522 INFO o.a.j.e.StandardJMeterEngine: Thread will start next loop on error
2020-01-07 15:04:02,522 INFO o.a.j.t.ThreadGroup: Starting thread group... number=1 threads=20 ramp-up=30 perThread=1500.0 delayedStart=false
2020-01-07 15:04:02,530 INFO o.a.j.t.JMeterThread: Thread started: [TG] - Did Not Fish Users 1-1
2020-01-07 15:04:02,534 INFO o.a.j.s.FileServer: Stored: rivers.csv
2020-01-07 15:04:02,536 INFO o.a.j.s.FileServer: Stored: logins.csv
2020-01-07 15:04:02,554 INFO o.a.j.t.ThreadGroup: Started thread group number 1
2020-01-07 15:04:02,554 INFO o.a.j.e.StandardJMeterEngine: Starting ThreadGroup: 2 : [TG] - Zero Catch Users
2020-01-07 15:04:02,554 INFO o.a.j.e.StandardJMeterEngine: Starting 40 threads for group [TG] - Zero Catch Users.
2020-01-07 15:04:02,554 INFO o.a.j.e.StandardJMeterEngine: Thread will start next loop on error
2020-01-07 15:04:02,554 INFO o.a.j.t.ThreadGroup: Starting thread group... number=2 threads=40 ramp-up=30 perThread=750.0 delayedStart=false
2020-01-07 15:04:02,556 INFO o.a.j.t.JMeterThread: Thread started: [TG] - Zero Catch Users 2-1
2020-01-07 15:04:02,597 INFO o.a.j.t.ThreadGroup: Started thread group number 2
2020-01-07 15:04:02,597 INFO o.a.j.e.StandardJMeterEngine: Starting ThreadGroup: 3 : [TG] - Full Submission Users
2020-01-07 15:04:02,597 INFO o.a.j.e.StandardJMeterEngine: Starting 40 threads for group [TG] - Full Submission Users.
2020-01-07 15:04:02,597 INFO o.a.j.e.StandardJMeterEngine: Thread will start next loop on error
2020-01-07 15:04:02,597 INFO o.a.j.t.ThreadGroup: Starting thread group... number=3 threads=40 ramp-up=30 perThread=750.0 delayedStart=false
2020-01-07 15:04:02,599 INFO o.a.j.t.JMeterThread: Thread started: [TG] - Full Submission Users 3-1
2020-01-07 15:04:02,644 INFO o.a.j.t.ThreadGroup: Started thread group number 3
2020-01-07 15:04:02,644 INFO o.a.j.e.StandardJMeterEngine: All thread groups have been started
2020-01-07 15:04:02,805 WARN o.a.j.p.h.s.HTTPHCAbstractImpl: You're using property 'httpclient.timeout' that will soon be deprecated for HttpClient3.1, you should either set timeout in HTTP Request GUI, HTTP Request Defaults or set http.socket.timeout in httpclient.parameters
2020-01-07 15:04:02,805 INFO o.a.j.p.h.s.HTTPHCAbstractImpl: Local host = Howards-MacBook-Pro-2.local
2020-01-07 15:04:02,811 INFO o.a.j.p.h.s.HTTPHC4Impl: HTTP request retry count = 1
2020-01-07 15:04:02,907 INFO o.a.j.p.h.s.h.LazyLayeredConnectionSocketFactory: Setting up HTTPS TrustAll Socket Factory
2020-01-07 15:04:02,911 INFO o.a.j.u.HttpSSLProtocolSocketFactory: Using protocol list:TLSv1.2 and cipher list: 
2020-01-07 15:04:02,911 INFO o.a.j.u.JsseSSLManager: Using default SSL protocol: TLSv1.2
2020-01-07 15:04:02,911 INFO o.a.j.u.JsseSSLManager: SSL session context: per-thread
2020-01-07 15:04:03,309 INFO o.a.j.t.JMeterThread: Thread started: [TG] - Zero Catch Users 2-2
2020-01-07 15:04:03,351 INFO o.a.j.t.JMeterThread: Thread started: [TG] - Full Submission Users 3-2
2020-01-07 15:04:04,036 INFO o.a.j.t.JMeterThread: Thread started: [TG] - Did Not Fish Users 1-2
2020-01-07 15:04:04,063 INFO o.a.j.t.JMeterThread: Thread started: [TG] - Zero Catch Users 2-3
2020-01-07 15:04:04,102 INFO o.a.j.t.JMeterThread: Thread started: [TG] - Full Submission Users 3-3
2020-01-07 15:04:04,814 INFO o.a.j.t.JMeterThread: Thread started: [TG] - Zero Catch Users 2-4
2020-01-07 15:04:04,854 INFO o.a.j.t.JMeterThread: Thread started: [TG] - Full Submission Users 3-4
2020-01-07 15:04:05,535 INFO o.a.j.t.JMeterThread: Thread started: [TG] - Did Not Fish Users 1-3
2020-01-07 15:04:05,565 INFO o.a.j.t.JMeterThread: Thread started: [TG] - Zero Catch Users 2-5
2020-01-07 15:04:05,606 INFO o.a.j.t.JMeterThread: Thread started: [TG] - Full Submission Users 3-5
2020-01-07 15:04:06,315 INFO o.a.j.t.JMeterThread: Thread started: [TG] - Zero Catch Users 2-6
2020-01-07 15:04:06,359 INFO o.a.j.t.JMeterThread: Thread started: [TG] - Full Submission Users 3-6
2020-01-07 15:04:07,037 INFO o.a.j.t.JMeterThread: Thread started: [TG] - Did Not Fish Users 1-4
2020-01-07 15:04:07,065 INFO o.a.j.t.JMeterThread: Thread started: [TG] - Zero Catch Users 2-7
2020-01-07 15:04:07,109 INFO o.a.j.t.JMeterThread: Thread started: [TG] - Full Submission Users 3-7
2020-01-07 15:04:07,816 INFO o.a.j.t.JMeterThread: Thread started: [TG] - Zero Catch Users 2-8
2020-01-07 15:04:07,859 INFO o.a.j.t.JMeterThread: Thread started: [TG] - Full Submission Users 3-8
2020-01-07 15:04:08,539 INFO o.a.j.t.JMeterThread: Thread started: [TG] - Did Not Fish Users 1-5
2020-01-07 15:04:08,567 INFO o.a.j.t.JMeterThread: Thread started: [TG] - Zero Catch Users 2-9
2020-01-07 15:04:08,610 INFO o.a.j.t.JMeterThread: Thread started: [TG] - Full Submission Users 3-9
2020-01-07 15:04:09,318 INFO o.a.j.t.JMeterThread: Thread started: [TG] - Zero Catch Users 2-10
2020-01-07 15:04:09,364 INFO o.a.j.t.JMeterThread: Thread started: [TG] - Full Submission Users 3-10
2020-01-07 15:04:10,039 INFO o.a.j.t.JMeterThread: Thread started: [TG] - Did Not Fish Users 1-6
2020-01-07 15:04:10,073 INFO o.a.j.t.JMeterThread: Thread started: [TG] - Zero Catch Users 2-11
2020-01-07 15:04:10,116 INFO o.a.j.t.JMeterThread: Thread started: [TG] - Full Submission Users 3-11
2020-01-07 15:04:10,822 INFO o.a.j.t.JMeterThread: Thread started: [TG] - Zero Catch Users 2-12
2020-01-07 15:04:10,864 INFO o.a.j.t.JMeterThread: Thread started: [TG] - Full Submission Users 3-12
2020-01-07 15:04:11,538 INFO o.a.j.t.JMeterThread: Thread started: [TG] - Did Not Fish Users 1-7
2020-01-07 15:04:11,571 INFO o.a.j.t.JMeterThread: Thread started: [TG] - Zero Catch Users 2-13
2020-01-07 15:04:11,614 INFO o.a.j.t.JMeterThread: Thread started: [TG] - Full Submission Users 3-13
2020-01-07 15:04:12,323 INFO o.a.j.t.JMeterThread: Thread started: [TG] - Zero Catch Users 2-14
2020-01-07 15:04:12,370 INFO o.a.j.t.JMeterThread: Thread started: [TG] - Full Submission Users 3-14
2020-01-07 15:04:13,044 INFO o.a.j.t.JMeterThread: Thread started: [TG] - Did Not Fish Users 1-8
2020-01-07 15:04:13,073 INFO o.a.j.t.JMeterThread: Thread started: [TG] - Zero Catch Users 2-15
2020-01-07 15:04:13,121 INFO o.a.j.t.JMeterThread: Thread started: [TG] - Full Submission Users 3-15
2020-01-07 15:04:13,827 INFO o.a.j.t.JMeterThread: Thread started: [TG] - Zero Catch Users 2-16
2020-01-07 15:04:13,872 INFO o.a.j.t.JMeterThread: Thread started: [TG] - Full Submission Users 3-16
2020-01-07 15:04:14,545 INFO o.a.j.t.JMeterThread: Thread started: [TG] - Did Not Fish Users 1-9
2020-01-07 15:04:14,578 INFO o.a.j.t.JMeterThread: Thread started: [TG] - Zero Catch Users 2-17
2020-01-07 15:04:14,618 INFO o.a.j.t.JMeterThread: Thread started: [TG] - Full Submission Users 3-17
2020-01-07 15:04:15,328 INFO o.a.j.t.JMeterThread: Thread started: [TG] - Zero Catch Users 2-18
2020-01-07 15:04:15,371 INFO o.a.j.t.JMeterThread: Thread started: [TG] - Full Submission Users 3-18
2020-01-07 15:04:16,046 INFO o.a.j.t.JMeterThread: Thread started: [TG] - Did Not Fish Users 1-10
2020-01-07 15:04:16,082 INFO o.a.j.t.JMeterThread: Thread started: [TG] - Zero Catch Users 2-19
2020-01-07 15:04:16,121 INFO o.a.j.t.JMeterThread: Thread started: [TG] - Full Submission Users 3-19
2020-01-07 15:04:16,829 INFO o.a.j.t.JMeterThread: Thread started: [TG] - Zero Catch Users 2-20
2020-01-07 15:04:16,874 INFO o.a.j.t.JMeterThread: Thread started: [TG] - Full Submission Users 3-20
2020-01-07 15:04:17,547 INFO o.a.j.t.JMeterThread: Thread started: [TG] - Did Not Fish Users 1-11
2020-01-07 15:04:17,582 INFO o.a.j.t.JMeterThread: Thread started: [TG] - Zero Catch Users 2-21
2020-01-07 15:04:17,624 INFO o.a.j.t.JMeterThread: Thread started: [TG] - Full Submission Users 3-21
2020-01-07 15:04:18,329 INFO o.a.j.t.JMeterThread: Thread started: [TG] - Zero Catch Users 2-22
2020-01-07 15:04:18,375 INFO o.a.j.t.JMeterThread: Thread started: [TG] - Full Submission Users 3-22
2020-01-07 15:04:19,047 INFO o.a.j.t.JMeterThread: Thread started: [TG] - Did Not Fish Users 1-12
2020-01-07 15:04:19,082 INFO o.a.j.t.JMeterThread: Thread started: [TG] - Zero Catch Users 2-23
2020-01-07 15:04:19,126 INFO o.a.j.t.JMeterThread: Thread started: [TG] - Full Submission Users 3-23
2020-01-07 15:04:19,834 INFO o.a.j.t.JMeterThread: Thread started: [TG] - Zero Catch Users 2-24
2020-01-07 15:04:19,877 INFO o.a.j.t.JMeterThread: Thread started: [TG] - Full Submission Users 3-24
2020-01-07 15:04:20,550 INFO o.a.j.t.JMeterThread: Thread started: [TG] - Did Not Fish Users 1-13
2020-01-07 15:04:20,583 INFO o.a.j.t.JMeterThread: Thread started: [TG] - Zero Catch Users 2-25
2020-01-07 15:04:20,631 INFO o.a.j.t.JMeterThread: Thread started: [TG] - Full Submission Users 3-25
2020-01-07 15:04:21,337 INFO o.a.j.t.JMeterThread: Thread started: [TG] - Zero Catch Users 2-26
2020-01-07 15:04:21,379 INFO o.a.j.t.JMeterThread: Thread started: [TG] - Full Submission Users 3-26
2020-01-07 15:04:22,050 INFO o.a.j.t.JMeterThread: Thread started: [TG] - Did Not Fish Users 1-14
2020-01-07 15:04:22,088 INFO o.a.j.t.JMeterThread: Thread started: [TG] - Zero Catch Users 2-27
2020-01-07 15:04:22,130 INFO o.a.j.t.JMeterThread: Thread started: [TG] - Full Submission Users 3-27
2020-01-07 15:04:22,838 INFO o.a.j.t.JMeterThread: Thread started: [TG] - Zero Catch Users 2-28
2020-01-07 15:04:22,881 INFO o.a.j.t.JMeterThread: Thread started: [TG] - Full Submission Users 3-28
2020-01-07 15:04:23,552 INFO o.a.j.t.JMeterThread: Thread started: [TG] - Did Not Fish Users 1-15
2020-01-07 15:04:23,588 INFO o.a.j.t.JMeterThread: Thread started: [TG] - Zero Catch Users 2-29
2020-01-07 15:04:23,633 INFO o.a.j.t.JMeterThread: Thread started: [TG] - Full Submission Users 3-29
2020-01-07 15:04:24,342 INFO o.a.j.t.JMeterThread: Thread started: [TG] - Zero Catch Users 2-30
2020-01-07 15:04:24,386 INFO o.a.j.t.JMeterThread: Thread started: [TG] - Full Submission Users 3-30
2020-01-07 15:04:25,056 INFO o.a.j.t.JMeterThread: Thread started: [TG] - Did Not Fish Users 1-16
2020-01-07 15:04:25,089 INFO o.a.j.t.JMeterThread: Thread started: [TG] - Zero Catch Users 2-31
2020-01-07 15:04:25,138 INFO o.a.j.t.JMeterThread: Thread started: [TG] - Full Submission Users 3-31
2020-01-07 15:04:25,842 INFO o.a.j.t.JMeterThread: Thread started: [TG] - Zero Catch Users 2-32
2020-01-07 15:04:25,888 INFO o.a.j.t.JMeterThread: Thread started: [TG] - Full Submission Users 3-32
2020-01-07 15:04:26,555 INFO o.a.j.t.JMeterThread: Thread started: [TG] - Did Not Fish Users 1-17
2020-01-07 15:04:26,592 INFO o.a.j.t.JMeterThread: Thread started: [TG] - Zero Catch Users 2-33
2020-01-07 15:04:26,642 INFO o.a.j.t.JMeterThread: Thread started: [TG] - Full Submission Users 3-33
2020-01-07 15:04:27,342 INFO o.a.j.t.JMeterThread: Thread started: [TG] - Zero Catch Users 2-34
2020-01-07 15:04:27,393 INFO o.a.j.t.JMeterThread: Thread started: [TG] - Full Submission Users 3-34
2020-01-07 15:04:28,056 INFO o.a.j.t.JMeterThread: Thread started: [TG] - Did Not Fish Users 1-18
2020-01-07 15:04:28,094 INFO o.a.j.t.JMeterThread: Thread started: [TG] - Zero Catch Users 2-35
2020-01-07 15:04:28,142 INFO o.a.j.t.JMeterThread: Thread started: [TG] - Full Submission Users 3-35
2020-01-07 15:04:28,843 INFO o.a.j.t.JMeterThread: Thread started: [TG] - Zero Catch Users 2-36
2020-01-07 15:04:28,892 INFO o.a.j.t.JMeterThread: Thread started: [TG] - Full Submission Users 3-36
2020-01-07 15:04:29,559 INFO o.a.j.t.JMeterThread: Thread started: [TG] - Did Not Fish Users 1-19
2020-01-07 15:04:29,594 INFO o.a.j.t.JMeterThread: Thread started: [TG] - Zero Catch Users 2-37
2020-01-07 15:04:29,646 INFO o.a.j.t.JMeterThread: Thread started: [TG] - Full Submission Users 3-37
2020-01-07 15:04:30,349 INFO o.a.j.t.JMeterThread: Thread started: [TG] - Zero Catch Users 2-38
2020-01-07 15:04:30,396 INFO o.a.j.t.JMeterThread: Thread started: [TG] - Full Submission Users 3-38
2020-01-07 15:04:31,054 INFO o.a.j.t.JMeterThread: Thread started: [TG] - Did Not Fish Users 1-20
2020-01-07 15:04:31,082 INFO o.a.j.g.a.Start: Stopping test
2020-01-07 15:04:31,097 INFO o.a.j.t.JMeterThread: Thread started: [TG] - Zero Catch Users 2-39
2020-01-07 15:04:31,100 INFO o.a.j.t.JMeterThread: Stopping: [TG] - Did Not Fish Users 1-16
2020-01-07 15:04:31,101 WARN o.a.j.t.JMeterThread: Interrupting: [TG] - Did Not Fish Users 1-16 sampler: GET /licence-auth
2020-01-07 15:04:31,102 INFO o.a.j.t.JMeterThread: Stopping: [TG] - Did Not Fish Users 1-13
2020-01-07 15:04:31,102 WARN o.a.j.t.JMeterThread: Interrupting: [TG] - Did Not Fish Users 1-13 sampler: GET /licence-auth
2020-01-07 15:04:31,102 INFO o.a.j.t.JMeterThread: Stopping: [TG] - Did Not Fish Users 1-3
2020-01-07 15:04:31,103 WARN o.a.j.t.JMeterThread: Interrupting: [TG] - Did Not Fish Users 1-3 sampler: GET /licence-auth
2020-01-07 15:04:31,104 INFO o.a.j.t.JMeterThread: Stopping: [TG] - Did Not Fish Users 1-6
2020-01-07 15:04:31,104 WARN o.a.j.t.JMeterThread: Interrupting: [TG] - Did Not Fish Users 1-6 sampler: GET /licence-auth
2020-01-07 15:04:31,105 INFO o.a.j.t.JMeterThread: Stopping: [TG] - Did Not Fish Users 1-5
2020-01-07 15:04:31,105 WARN o.a.j.t.JMeterThread: Interrupting: [TG] - Did Not Fish Users 1-5 sampler: GET /licence-auth
2020-01-07 15:04:31,106 INFO o.a.j.t.JMeterThread: Stopping: [TG] - Did Not Fish Users 1-1
2020-01-07 15:04:31,106 WARN o.a.j.t.JMeterThread: Interrupting: [TG] - Did Not Fish Users 1-1 sampler: GET /licence-auth
2020-01-07 15:04:31,107 INFO o.a.j.t.JMeterThread: Stopping: [TG] - Did Not Fish Users 1-11
2020-01-07 15:04:31,107 WARN o.a.j.t.JMeterThread: Interrupting: [TG] - Did Not Fish Users 1-11 sampler: GET /licence-auth
2020-01-07 15:04:31,108 INFO o.a.j.t.JMeterThread: Stopping: [TG] - Did Not Fish Users 1-14
2020-01-07 15:04:31,108 WARN o.a.j.t.JMeterThread: Interrupting: [TG] - Did Not Fish Users 1-14 sampler: GET /licence-auth
2020-01-07 15:04:31,109 INFO o.a.j.t.JMeterThread: Stopping: [TG] - Did Not Fish Users 1-4
2020-01-07 15:04:31,109 WARN o.a.j.t.JMeterThread: Interrupting: [TG] - Did Not Fish Users 1-4 sampler: GET /licence-auth
2020-01-07 15:04:31,109 INFO o.a.j.t.JMeterThread: Stopping: [TG] - Did Not Fish Users 1-20
2020-01-07 15:04:31,109 WARN o.a.j.t.JMeterThread: Interrupting: [TG] - Did Not Fish Users 1-20 sampler: GET /licence-auth
2020-01-07 15:04:31,110 INFO o.a.j.t.JMeterThread: Stopping: [TG] - Did Not Fish Users 1-7
2020-01-07 15:04:31,110 WARN o.a.j.t.JMeterThread: Interrupting: [TG] - Did Not Fish Users 1-7 sampler: GET /licence-auth
2020-01-07 15:04:31,111 INFO o.a.j.t.JMeterThread: Stopping: [TG] - Did Not Fish Users 1-17
2020-01-07 15:04:31,111 WARN o.a.j.t.JMeterThread: Interrupting: [TG] - Did Not Fish Users 1-17 sampler: GET /licence-auth
2020-01-07 15:04:31,111 INFO o.a.j.t.JMeterThread: Stopping: [TG] - Did Not Fish Users 1-2
2020-01-07 15:04:31,111 WARN o.a.j.t.JMeterThread: Interrupting: [TG] - Did Not Fish Users 1-2 sampler: GET /licence-auth
2020-01-07 15:04:31,112 INFO o.a.j.t.JMeterThread: Stopping: [TG] - Did Not Fish Users 1-19
2020-01-07 15:04:31,112 WARN o.a.j.t.JMeterThread: Interrupting: [TG] - Did Not Fish Users 1-19 sampler: GET /licence-auth
2020-01-07 15:04:31,113 INFO o.a.j.t.JMeterThread: Stopping: [TG] - Did Not Fish Users 1-9
2020-01-07 15:04:31,113 WARN o.a.j.t.JMeterThread: Interrupting: [TG] - Did Not Fish Users 1-9 sampler: GET /licence-auth
2020-01-07 15:04:31,114 INFO o.a.j.t.JMeterThread: Stopping: [TG] - Did Not Fish Users 1-10
2020-01-07 15:04:31,114 WARN o.a.j.t.JMeterThread: Interrupting: [TG] - Did Not Fish Users 1-10 sampler: GET /licence-auth
2020-01-07 15:04:31,115 INFO o.a.j.t.JMeterThread: Stopping: [TG] - Did Not Fish Users 1-18
2020-01-07 15:04:31,115 WARN o.a.j.t.JMeterThread: Interrupting: [TG] - Did Not Fish Users 1-18 sampler: GET /licence-auth
2020-01-07 15:04:31,116 INFO o.a.j.t.JMeterThread: Stopping: [TG] - Did Not Fish Users 1-8
2020-01-07 15:04:31,116 WARN o.a.j.t.JMeterThread: Interrupting: [TG] - Did Not Fish Users 1-8 sampler: GET /licence-auth
2020-01-07 15:04:31,117 INFO o.a.j.t.JMeterThread: Stopping: [TG] - Did Not Fish Users 1-12
2020-01-07 15:04:31,117 WARN o.a.j.t.JMeterThread: Interrupting: [TG] - Did Not Fish Users 1-12 sampler: GET /licence-auth
2020-01-07 15:04:31,117 INFO o.a.j.t.JMeterThread: Stopping: [TG] - Did Not Fish Users 1-15
2020-01-07 15:04:31,118 WARN o.a.j.t.JMeterThread: Interrupting: [TG] - Did Not Fish Users 1-15 sampler: GET /licence-auth
2020-01-07 15:04:31,121 INFO o.a.j.t.JMeterThread: Stopping: [TG] - Zero Catch Users 2-19
2020-01-07 15:04:31,123 WARN o.a.j.t.JMeterThread: Interrupting: [TG] - Zero Catch Users 2-19 sampler: GET /licence-auth
2020-01-07 15:04:31,124 INFO o.a.j.t.JMeterThread: Stopping: [TG] - Zero Catch Users 2-26
2020-01-07 15:04:31,124 WARN o.a.j.t.JMeterThread: Interrupting: [TG] - Zero Catch Users 2-26 sampler: GET /licence-auth
2020-01-07 15:04:31,125 INFO o.a.j.t.JMeterThread: Stopping: [TG] - Zero Catch Users 2-18
2020-01-07 15:04:31,125 WARN o.a.j.t.JMeterThread: Interrupting: [TG] - Zero Catch Users 2-18 sampler: GET /licence-auth
2020-01-07 15:04:31,125 INFO o.a.j.t.JMeterThread: Stopping: [TG] - Zero Catch Users 2-2
2020-01-07 15:04:31,126 WARN o.a.j.t.JMeterThread: Interrupting: [TG] - Zero Catch Users 2-2 sampler: GET /licence-auth
2020-01-07 15:04:31,126 INFO o.a.j.t.JMeterThread: Stopping: [TG] - Zero Catch Users 2-35
2020-01-07 15:04:31,126 WARN o.a.j.t.JMeterThread: Interrupting: [TG] - Zero Catch Users 2-35 sampler: GET /licence-auth
2020-01-07 15:04:31,126 INFO o.a.j.t.JMeterThread: Stopping: [TG] - Zero Catch Users 2-9
2020-01-07 15:04:31,126 WARN o.a.j.t.JMeterThread: Interrupting: [TG] - Zero Catch Users 2-9 sampler: GET /licence-auth
2020-01-07 15:04:31,127 INFO o.a.j.t.JMeterThread: Stopping: [TG] - Zero Catch Users 2-24
2020-01-07 15:04:31,127 WARN o.a.j.t.JMeterThread: Interrupting: [TG] - Zero Catch Users 2-24 sampler: GET /licence-auth
2020-01-07 15:04:31,129 INFO o.a.j.t.JMeterThread: Stopping: [TG] - Zero Catch Users 2-33
2020-01-07 15:04:31,129 WARN o.a.j.t.JMeterThread: Interrupting: [TG] - Zero Catch Users 2-33 sampler: GET /licence-auth
2020-01-07 15:04:31,129 INFO o.a.j.t.JMeterThread: Stopping: [TG] - Zero Catch Users 2-36
2020-01-07 15:04:31,129 WARN o.a.j.t.JMeterThread: Interrupting: [TG] - Zero Catch Users 2-36 sampler: GET /licence-auth
2020-01-07 15:04:31,130 INFO o.a.j.t.JMeterThread: Stopping: [TG] - Zero Catch Users 2-28
2020-01-07 15:04:31,131 WARN o.a.j.t.JMeterThread: Interrupting: [TG] - Zero Catch Users 2-28 sampler: GET /licence-auth
2020-01-07 15:04:31,131 INFO o.a.j.t.JMeterThread: Stopping: [TG] - Zero Catch Users 2-6
2020-01-07 15:04:31,132 WARN o.a.j.t.JMeterThread: Interrupting: [TG] - Zero Catch Users 2-6 sampler: GET /licence-auth
2020-01-07 15:04:31,132 INFO o.a.j.t.JMeterThread: Stopping: [TG] - Zero Catch Users 2-4
2020-01-07 15:04:31,132 WARN o.a.j.t.JMeterThread: Interrupting: [TG] - Zero Catch Users 2-4 sampler: GET /licence-auth
2020-01-07 15:04:31,132 INFO o.a.j.t.JMeterThread: Stopping: [TG] - Zero Catch Users 2-39
2020-01-07 15:04:31,132 WARN o.a.j.t.JMeterThread: Interrupting: [TG] - Zero Catch Users 2-39 sampler: GET /licence-auth
2020-01-07 15:04:31,133 INFO o.a.j.t.JMeterThread: Stopping: [TG] - Zero Catch Users 2-15
2020-01-07 15:04:31,133 WARN o.a.j.t.JMeterThread: Interrupting: [TG] - Zero Catch Users 2-15 sampler: GET /licence-auth
2020-01-07 15:04:31,133 INFO o.a.j.t.JMeterThread: Stopping: [TG] - Zero Catch Users 2-30
2020-01-07 15:04:31,133 WARN o.a.j.t.JMeterThread: Interrupting: [TG] - Zero Catch Users 2-30 sampler: GET /licence-auth
2020-01-07 15:04:31,133 INFO o.a.j.t.JMeterThread: Stopping: [TG] - Zero Catch Users 2-16
2020-01-07 15:04:31,134 WARN o.a.j.t.JMeterThread: Interrupting: [TG] - Zero Catch Users 2-16 sampler: GET /licence-auth
2020-01-07 15:04:31,134 INFO o.a.j.t.JMeterThread: Stopping: [TG] - Zero Catch Users 2-11
2020-01-07 15:04:31,134 WARN o.a.j.t.JMeterThread: Interrupting: [TG] - Zero Catch Users 2-11 sampler: GET /licence-auth
2020-01-07 15:04:31,134 INFO o.a.j.t.JMeterThread: Stopping: [TG] - Zero Catch Users 2-25
2020-01-07 15:04:31,134 WARN o.a.j.t.JMeterThread: Interrupting: [TG] - Zero Catch Users 2-25 sampler: GET /licence-auth
2020-01-07 15:04:31,134 INFO o.a.j.t.JMeterThread: Stopping: [TG] - Zero Catch Users 2-8
2020-01-07 15:04:31,135 WARN o.a.j.t.JMeterThread: Interrupting: [TG] - Zero Catch Users 2-8 sampler: GET /licence-auth
2020-01-07 15:04:31,134 INFO o.a.j.t.JMeterThread: Thread finished: [TG] - Did Not Fish Users 1-18
2020-01-07 15:04:31,136 INFO o.a.j.t.JMeterThread: Stopping: [TG] - Zero Catch Users 2-14
2020-01-07 15:04:31,136 WARN o.a.j.t.JMeterThread: Interrupting: [TG] - Zero Catch Users 2-14 sampler: GET /licence-auth
2020-01-07 15:04:31,136 INFO o.a.j.t.JMeterThread: Thread finished: [TG] - Did Not Fish Users 1-8
2020-01-07 15:04:31,136 INFO o.a.j.t.JMeterThread: Stopping: [TG] - Zero Catch Users 2-1
2020-01-07 15:04:31,136 WARN o.a.j.t.JMeterThread: Interrupting: [TG] - Zero Catch Users 2-1 sampler: GET /licence-auth
2020-01-07 15:04:31,136 INFO o.a.j.t.JMeterThread: Thread finished: [TG] - Did Not Fish Users 1-12
2020-01-07 15:04:31,136 INFO o.a.j.t.JMeterThread: Stopping: [TG] - Zero Catch Users 2-20
2020-01-07 15:04:31,136 WARN o.a.j.t.JMeterThread: Interrupting: [TG] - Zero Catch Users 2-20 sampler: GET /licence-auth
2020-01-07 15:04:31,136 INFO o.a.j.t.JMeterThread: Stopping: [TG] - Zero Catch Users 2-38
2020-01-07 15:04:31,137 WARN o.a.j.t.JMeterThread: Interrupting: [TG] - Zero Catch Users 2-38 sampler: GET /licence-auth
2020-01-07 15:04:31,137 INFO o.a.j.t.JMeterThread: Thread finished: [TG] - Zero Catch Users 2-28
2020-01-07 15:04:31,137 INFO o.a.j.t.JMeterThread: Thread finished: [TG] - Zero Catch Users 2-6
2020-01-07 15:04:31,137 INFO o.a.j.t.JMeterThread: Thread finished: [TG] - Did Not Fish Users 1-1
2020-01-07 15:04:31,137 INFO o.a.j.t.JMeterThread: Thread finished: [TG] - Did Not Fish Users 1-16
2020-01-07 15:04:31,137 INFO o.a.j.t.JMeterThread: Stopping: [TG] - Zero Catch Users 2-37
2020-01-07 15:04:31,137 WARN o.a.j.t.JMeterThread: Interrupting: [TG] - Zero Catch Users 2-37 sampler: GET /licence-auth
2020-01-07 15:04:31,137 INFO o.a.j.t.JMeterThread: Thread finished: [TG] - Zero Catch Users 2-36
2020-01-07 15:04:31,137 INFO o.a.j.t.JMeterThread: Thread finished: [TG] - Zero Catch Users 2-18
2020-01-07 15:04:31,137 INFO o.a.j.t.JMeterThread: Stopping: [TG] - Zero Catch Users 2-23
2020-01-07 15:04:31,137 WARN o.a.j.t.JMeterThread: Interrupting: [TG] - Zero Catch Users 2-23 sampler: GET /licence-auth
2020-01-07 15:04:31,138 INFO o.a.j.t.JMeterThread: Stopping: [TG] - Zero Catch Users 2-7
2020-01-07 15:04:31,138 WARN o.a.j.t.JMeterThread: Interrupting: [TG] - Zero Catch Users 2-7 sampler: GET /licence-auth
2020-01-07 15:04:31,138 INFO o.a.j.t.JMeterThread: Stopping: [TG] - Zero Catch Users 2-34
2020-01-07 15:04:31,141 WARN o.a.j.t.JMeterThread: Interrupting: [TG] - Zero Catch Users 2-34 sampler: GET /licence-auth
2020-01-07 15:04:31,141 INFO o.a.j.t.JMeterThread: Stopping: [TG] - Zero Catch Users 2-22
2020-01-07 15:04:31,142 WARN o.a.j.t.JMeterThread: Interrupting: [TG] - Zero Catch Users 2-22 sampler: GET /licence-auth
2020-01-07 15:04:31,142 INFO o.a.j.t.JMeterThread: Stopping: [TG] - Zero Catch Users 2-17
2020-01-07 15:04:31,142 WARN o.a.j.t.JMeterThread: Interrupting: [TG] - Zero Catch Users 2-17 sampler: GET /licence-auth
2020-01-07 15:04:31,142 INFO o.a.j.t.JMeterThread: Stopping: [TG] - Zero Catch Users 2-13
2020-01-07 15:04:31,142 WARN o.a.j.t.JMeterThread: Interrupting: [TG] - Zero Catch Users 2-13 sampler: GET /licence-auth
2020-01-07 15:04:31,142 INFO o.a.j.t.JMeterThread: Stopping: [TG] - Zero Catch Users 2-32
2020-01-07 15:04:31,142 INFO o.a.j.t.JMeterThread: Thread finished: [TG] - Zero Catch Users 2-39
2020-01-07 15:04:31,142 WARN o.a.j.t.JMeterThread: Interrupting: [TG] - Zero Catch Users 2-32 sampler: GET /licence-auth
2020-01-07 15:04:31,143 INFO o.a.j.t.JMeterThread: Stopping: [TG] - Zero Catch Users 2-5
2020-01-07 15:04:31,143 WARN o.a.j.t.JMeterThread: Interrupting: [TG] - Zero Catch Users 2-5 sampler: GET /licence-auth
2020-01-07 15:04:31,143 INFO o.a.j.t.JMeterThread: Thread finished: [TG] - Zero Catch Users 2-7
2020-01-07 15:04:31,143 INFO o.a.j.t.JMeterThread: Stopping: [TG] - Zero Catch Users 2-12
2020-01-07 15:04:31,143 INFO o.a.j.t.JMeterThread: Thread finished: [TG] - Zero Catch Users 2-33
2020-01-07 15:04:31,143 INFO o.a.j.t.JMeterThread: Thread finished: [TG] - Zero Catch Users 2-34
2020-01-07 15:04:31,144 INFO o.a.j.t.JMeterThread: Thread finished: [TG] - Did Not Fish Users 1-6
2020-01-07 15:04:31,144 INFO o.a.j.t.JMeterThread: Thread finished: [TG] - Zero Catch Users 2-22
2020-01-07 15:04:31,144 INFO o.a.j.t.JMeterThread: Thread finished: [TG] - Zero Catch Users 2-1
2020-01-07 15:04:31,143 INFO o.a.j.t.JMeterThread: Thread finished: [TG] - Zero Catch Users 2-11
2020-01-07 15:04:31,143 WARN o.a.j.t.JMeterThread: Interrupting: [TG] - Zero Catch Users 2-12 sampler: GET /licence-auth
2020-01-07 15:04:31,143 INFO o.a.j.t.JMeterThread: Thread finished: [TG] - Zero Catch Users 2-8
2020-01-07 15:04:31,144 INFO o.a.j.t.JMeterThread: Stopping: [TG] - Zero Catch Users 2-31
2020-01-07 15:04:31,144 WARN o.a.j.t.JMeterThread: Interrupting: [TG] - Zero Catch Users 2-31 sampler: GET /licence-auth
2020-01-07 15:04:31,144 INFO o.a.j.t.JMeterThread: Thread started: [TG] - Full Submission Users 3-39
2020-01-07 15:04:31,144 INFO o.a.j.t.JMeterThread: Thread finished: [TG] - Zero Catch Users 2-20
2020-01-07 15:04:31,144 INFO o.a.j.t.JMeterThread: Stopping: [TG] - Zero Catch Users 2-27
2020-01-07 15:04:31,144 WARN o.a.j.t.JMeterThread: Interrupting: [TG] - Zero Catch Users 2-27 sampler: GET /licence-auth
2020-01-07 15:04:31,145 INFO o.a.j.t.JMeterThread: Stopping: [TG] - Zero Catch Users 2-40
2020-01-07 15:04:31,145 INFO o.a.j.t.JMeterThread: Stopping: [TG] - Zero Catch Users 2-29
2020-01-07 15:04:31,145 WARN o.a.j.t.JMeterThread: Interrupting: [TG] - Zero Catch Users 2-29 sampler: GET /licence-auth
2020-01-07 15:04:31,145 INFO o.a.j.t.JMeterThread: Stopping: [TG] - Zero Catch Users 2-21
2020-01-07 15:04:31,145 WARN o.a.j.t.JMeterThread: Interrupting: [TG] - Zero Catch Users 2-21 sampler: GET /licence-auth
2020-01-07 15:04:31,145 INFO o.a.j.t.JMeterThread: Stopping: [TG] - Zero Catch Users 2-10
2020-01-07 15:04:31,145 INFO o.a.j.t.JMeterThread: Thread finished: [TG] - Zero Catch Users 2-5
2020-01-07 15:04:31,145 INFO o.a.j.t.JMeterThread: Thread finished: [TG] - Zero Catch Users 2-32
2020-01-07 15:04:31,145 WARN o.a.j.t.JMeterThread: Interrupting: [TG] - Zero Catch Users 2-10 sampler: GET /licence-auth
2020-01-07 15:04:31,144 INFO o.a.j.t.JMeterThread: Thread finished: [TG] - Did Not Fish Users 1-9
2020-01-07 15:04:31,146 INFO o.a.j.t.JMeterThread: Thread finished: [TG] - Did Not Fish Users 1-15
2020-01-07 15:04:31,146 INFO o.a.j.t.JMeterThread: Thread finished: [TG] - Zero Catch Users 2-38
2020-01-07 15:04:31,146 INFO o.a.j.t.JMeterThread: Thread finished: [TG] - Zero Catch Users 2-23
2020-01-07 15:04:31,146 INFO o.a.j.t.JMeterThread: Thread finished: [TG] - Zero Catch Users 2-12
2020-01-07 15:04:31,146 INFO o.a.j.t.JMeterThread: Thread started: [TG] - Zero Catch Users 2-40
2020-01-07 15:04:31,148 INFO o.a.j.t.JMeterThread: Thread finished: [TG] - Zero Catch Users 2-40
2020-01-07 15:04:31,148 INFO o.a.j.t.JMeterThread: Stopping: [TG] - Zero Catch Users 2-3
2020-01-07 15:04:31,149 INFO o.a.j.t.JMeterThread: Thread finished: [TG] - Zero Catch Users 2-37
2020-01-07 15:04:31,149 WARN o.a.j.t.JMeterThread: Interrupting: [TG] - Zero Catch Users 2-3 sampler: GET /licence-auth
2020-01-07 15:04:31,149 INFO o.a.j.t.JMeterThread: Thread finished: [TG] - Zero Catch Users 2-25
2020-01-07 15:04:31,149 INFO o.a.j.t.JMeterThread: Thread finished: [TG] - Did Not Fish Users 1-7
2020-01-07 15:04:31,149 INFO o.a.j.t.JMeterThread: Thread finished: [TG] - Zero Catch Users 2-27
2020-01-07 15:04:31,149 INFO o.a.j.t.JMeterThread: Stopping: [TG] - Full Submission Users 3-4
2020-01-07 15:04:31,149 INFO o.a.j.t.JMeterThread: Thread finished: [TG] - Zero Catch Users 2-13
2020-01-07 15:04:31,149 WARN o.a.j.t.JMeterThread: Interrupting: [TG] - Full Submission Users 3-4 sampler: GET /licence-auth
2020-01-07 15:04:31,150 INFO o.a.j.t.JMeterThread: Stopping: [TG] - Full Submission Users 3-15
2020-01-07 15:04:31,150 INFO o.a.j.t.JMeterThread: Thread finished: [TG] - Zero Catch Users 2-17
2020-01-07 15:04:31,150 INFO o.a.j.t.JMeterThread: Thread finished: [TG] - Zero Catch Users 2-16
2020-01-07 15:04:31,150 WARN o.a.j.t.JMeterThread: Interrupting: [TG] - Full Submission Users 3-15 sampler: GET /licence-auth
2020-01-07 15:04:31,150 INFO o.a.j.t.JMeterThread: Thread finished: [TG] - Did Not Fish Users 1-19
2020-01-07 15:04:31,150 INFO o.a.j.t.JMeterThread: Thread finished: [TG] - Zero Catch Users 2-14
2020-01-07 15:04:31,150 INFO o.a.j.t.JMeterThread: Thread finished: [TG] - Did Not Fish Users 1-5
2020-01-07 15:04:31,150 INFO o.a.j.t.JMeterThread: Thread finished: [TG] - Zero Catch Users 2-29
2020-01-07 15:04:31,150 INFO o.a.j.t.JMeterThread: Thread finished: [TG] - Zero Catch Users 2-10
2020-01-07 15:04:31,151 INFO o.a.j.t.JMeterThread: Thread finished: [TG] - Zero Catch Users 2-31
2020-01-07 15:04:31,151 INFO o.a.j.t.JMeterThread: Thread finished: [TG] - Zero Catch Users 2-15
2020-01-07 15:04:31,151 INFO o.a.j.t.JMeterThread: Thread finished: [TG] - Zero Catch Users 2-19
2020-01-07 15:04:31,151 INFO o.a.j.t.JMeterThread: Thread finished: [TG] - Zero Catch Users 2-3
2020-01-07 15:04:31,151 INFO o.a.j.t.JMeterThread: Stopping: [TG] - Full Submission Users 3-18
2020-01-07 15:04:31,151 INFO o.a.j.t.JMeterThread: Thread finished: [TG] - Did Not Fish Users 1-11
2020-01-07 15:04:31,151 WARN o.a.j.t.JMeterThread: Interrupting: [TG] - Full Submission Users 3-18 sampler: GET /licence-auth
2020-01-07 15:04:31,152 INFO o.a.j.t.JMeterThread: Stopping: [TG] - Full Submission Users 3-23
2020-01-07 15:04:31,152 INFO o.a.j.t.JMeterThread: Thread finished: [TG] - Did Not Fish Users 1-17
2020-01-07 15:04:31,152 INFO o.a.j.t.JMeterThread: Thread finished: [TG] - Zero Catch Users 2-21
2020-01-07 15:04:31,152 WARN o.a.j.t.JMeterThread: Interrupting: [TG] - Full Submission Users 3-23 sampler: GET /licence-auth
2020-01-07 15:04:31,152 INFO o.a.j.t.JMeterThread: Thread finished: [TG] - Did Not Fish Users 1-13
2020-01-07 15:04:31,152 INFO o.a.j.t.JMeterThread: Thread finished: [TG] - Full Submission Users 3-4
2020-01-07 15:04:31,152 INFO o.a.j.t.JMeterThread: Thread finished: [TG] - Did Not Fish Users 1-4
2020-01-07 15:04:31,152 INFO o.a.j.t.JMeterThread: Stopping: [TG] - Full Submission Users 3-35
2020-01-07 15:04:31,152 WARN o.a.j.t.JMeterThread: Interrupting: [TG] - Full Submission Users 3-35 sampler: GET /licence-auth
2020-01-07 15:04:31,152 INFO o.a.j.t.JMeterThread: Thread finished: [TG] - Zero Catch Users 2-2
2020-01-07 15:04:31,153 INFO o.a.j.t.JMeterThread: Stopping: [TG] - Full Submission Users 3-22
2020-01-07 15:04:31,153 INFO o.a.j.t.JMeterThread: Thread finished: [TG] - Did Not Fish Users 1-2
2020-01-07 15:04:31,153 WARN o.a.j.t.JMeterThread: Interrupting: [TG] - Full Submission Users 3-22 sampler: GET /licence-auth
2020-01-07 15:04:31,153 INFO o.a.j.t.JMeterThread: Thread finished: [TG] - Zero Catch Users 2-35
2020-01-07 15:04:31,153 INFO o.a.j.t.JMeterThread: Thread finished: [TG] - Zero Catch Users 2-9
2020-01-07 15:04:31,153 INFO o.a.j.t.JMeterThread: Thread finished: [TG] - Did Not Fish Users 1-14
2020-01-07 15:04:31,153 INFO o.a.j.t.JMeterThread: Stopping: [TG] - Full Submission Users 3-31
2020-01-07 15:04:31,154 WARN o.a.j.t.JMeterThread: Interrupting: [TG] - Full Submission Users 3-31 sampler: GET /licence-auth
2020-01-07 15:04:31,154 INFO o.a.j.t.JMeterThread: Thread finished: [TG] - Did Not Fish Users 1-20
2020-01-07 15:04:31,154 INFO o.a.j.t.JMeterThread: Stopping: [TG] - Full Submission Users 3-33
2020-01-07 15:04:31,154 INFO o.a.j.t.JMeterThread: Thread finished: [TG] - Full Submission Users 3-15
2020-01-07 15:04:31,154 WARN o.a.j.t.JMeterThread: Interrupting: [TG] - Full Submission Users 3-33 sampler: GET /licence-auth
2020-01-07 15:04:31,154 INFO o.a.j.t.JMeterThread: Thread finished: [TG] - Full Submission Users 3-18
2020-01-07 15:04:31,154 INFO o.a.j.t.JMeterThread: Stopping: [TG] - Full Submission Users 3-11
2020-01-07 15:04:31,154 INFO o.a.j.t.JMeterThread: Thread finished: [TG] - Zero Catch Users 2-24
2020-01-07 15:04:31,154 INFO o.a.j.t.JMeterThread: Thread finished: [TG] - Full Submission Users 3-35
2020-01-07 15:04:31,154 INFO o.a.j.t.JMeterThread: Thread finished: [TG] - Zero Catch Users 2-26
2020-01-07 15:04:31,155 INFO o.a.j.t.JMeterThread: Thread finished: [TG] - Zero Catch Users 2-4
2020-01-07 15:04:31,154 INFO o.a.j.t.JMeterThread: Thread finished: [TG] - Full Submission Users 3-23
2020-01-07 15:04:31,156 INFO o.a.j.t.JMeterThread: Thread finished: [TG] - Zero Catch Users 2-30
2020-01-07 15:04:31,154 WARN o.a.j.t.JMeterThread: Interrupting: [TG] - Full Submission Users 3-11 sampler: GET /licence-auth
2020-01-07 15:04:31,156 INFO o.a.j.t.JMeterThread: Stopping: [TG] - Full Submission Users 3-29
2020-01-07 15:04:31,156 INFO o.a.j.t.JMeterThread: Thread finished: [TG] - Did Not Fish Users 1-3
2020-01-07 15:04:31,156 WARN o.a.j.t.JMeterThread: Interrupting: [TG] - Full Submission Users 3-29 sampler: GET /licence-auth
2020-01-07 15:04:31,156 INFO o.a.j.t.JMeterThread: Thread finished: [TG] - Full Submission Users 3-22
2020-01-07 15:04:31,156 INFO o.a.j.t.JMeterThread: Stopping: [TG] - Full Submission Users 3-10
2020-01-07 15:04:31,157 WARN o.a.j.t.JMeterThread: Interrupting: [TG] - Full Submission Users 3-10 sampler: GET /licence-auth
2020-01-07 15:04:31,157 INFO o.a.j.t.JMeterThread: Thread finished: [TG] - Full Submission Users 3-33
2020-01-07 15:04:31,157 INFO o.a.j.t.JMeterThread: Thread finished: [TG] - Did Not Fish Users 1-10
2020-01-07 15:04:31,157 INFO o.a.j.t.JMeterThread: Stopping: [TG] - Full Submission Users 3-40
2020-01-07 15:04:31,157 INFO o.a.j.t.JMeterThread: Thread finished: [TG] - Full Submission Users 3-31
2020-01-07 15:04:31,157 INFO o.a.j.t.JMeterThread: Stopping: [TG] - Full Submission Users 3-26
2020-01-07 15:04:31,157 WARN o.a.j.t.JMeterThread: Interrupting: [TG] - Full Submission Users 3-26 sampler: GET /licence-auth
2020-01-07 15:04:31,157 INFO o.a.j.t.JMeterThread: Thread started: [TG] - Full Submission Users 3-40
2020-01-07 15:04:31,157 INFO o.a.j.t.JMeterThread: Stopping: [TG] - Full Submission Users 3-16
2020-01-07 15:04:31,157 INFO o.a.j.t.JMeterThread: Thread finished: [TG] - Full Submission Users 3-40
2020-01-07 15:04:31,157 WARN o.a.j.t.JMeterThread: Interrupting: [TG] - Full Submission Users 3-16 sampler: GET /licence-auth
2020-01-07 15:04:31,158 INFO o.a.j.t.JMeterThread: Stopping: [TG] - Full Submission Users 3-12
2020-01-07 15:04:31,158 WARN o.a.j.t.JMeterThread: Interrupting: [TG] - Full Submission Users 3-12 sampler: GET /licence-auth
2020-01-07 15:04:31,158 INFO o.a.j.t.JMeterThread: Thread finished: [TG] - Full Submission Users 3-11
2020-01-07 15:04:31,158 INFO o.a.j.t.JMeterThread: Stopping: [TG] - Full Submission Users 3-27
2020-01-07 15:04:31,158 WARN o.a.j.t.JMeterThread: Interrupting: [TG] - Full Submission Users 3-27 sampler: GET /licence-auth
2020-01-07 15:04:31,158 INFO o.a.j.t.JMeterThread: Thread finished: [TG] - Full Submission Users 3-29
2020-01-07 15:04:31,158 INFO o.a.j.t.JMeterThread: Stopping: [TG] - Full Submission Users 3-3
2020-01-07 15:04:31,158 INFO o.a.j.t.JMeterThread: Thread finished: [TG] - Full Submission Users 3-10
2020-01-07 15:04:31,159 WARN o.a.j.t.JMeterThread: Interrupting: [TG] - Full Submission Users 3-3 sampler: GET /licence-auth
2020-01-07 15:04:31,159 INFO o.a.j.t.JMeterThread: Stopping: [TG] - Full Submission Users 3-36
2020-01-07 15:04:31,159 WARN o.a.j.t.JMeterThread: Interrupting: [TG] - Full Submission Users 3-36 sampler: GET /licence-auth
2020-01-07 15:04:31,159 INFO o.a.j.t.JMeterThread: Thread finished: [TG] - Full Submission Users 3-26
2020-01-07 15:04:31,159 INFO o.a.j.t.JMeterThread: Thread finished: [TG] - Full Submission Users 3-16
2020-01-07 15:04:31,159 INFO o.a.j.t.JMeterThread: Stopping: [TG] - Full Submission Users 3-7
2020-01-07 15:04:31,159 WARN o.a.j.t.JMeterThread: Interrupting: [TG] - Full Submission Users 3-7 sampler: GET /licence-auth
2020-01-07 15:04:31,160 INFO o.a.j.t.JMeterThread: Stopping: [TG] - Full Submission Users 3-19
2020-01-07 15:04:31,160 WARN o.a.j.t.JMeterThread: Interrupting: [TG] - Full Submission Users 3-19 sampler: GET /licence-auth
2020-01-07 15:04:31,160 INFO o.a.j.t.JMeterThread: Thread finished: [TG] - Full Submission Users 3-12
2020-01-07 15:04:31,160 INFO o.a.j.t.JMeterThread: Stopping: [TG] - Full Submission Users 3-9
2020-01-07 15:04:31,160 WARN o.a.j.t.JMeterThread: Interrupting: [TG] - Full Submission Users 3-9 sampler: GET /licence-auth
2020-01-07 15:04:31,160 INFO o.a.j.t.JMeterThread: Thread finished: [TG] - Full Submission Users 3-27
2020-01-07 15:04:31,160 INFO o.a.j.t.JMeterThread: Stopping: [TG] - Full Submission Users 3-24
2020-01-07 15:04:31,160 WARN o.a.j.t.JMeterThread: Interrupting: [TG] - Full Submission Users 3-24 sampler: GET /licence-auth
2020-01-07 15:04:31,160 INFO o.a.j.t.JMeterThread: Thread finished: [TG] - Full Submission Users 3-3
2020-01-07 15:04:31,160 INFO o.a.j.t.JMeterThread: Stopping: [TG] - Full Submission Users 3-38
2020-01-07 15:04:31,160 INFO o.a.j.t.JMeterThread: Thread finished: [TG] - Full Submission Users 3-36
2020-01-07 15:04:31,161 WARN o.a.j.t.JMeterThread: Interrupting: [TG] - Full Submission Users 3-38 sampler: GET /licence-auth
2020-01-07 15:04:31,161 INFO o.a.j.t.JMeterThread: Stopping: [TG] - Full Submission Users 3-5
2020-01-07 15:04:31,161 WARN o.a.j.t.JMeterThread: Interrupting: [TG] - Full Submission Users 3-5 sampler: GET /licence-auth
2020-01-07 15:04:31,161 INFO o.a.j.t.JMeterThread: Thread finished: [TG] - Full Submission Users 3-7
2020-01-07 15:04:31,161 INFO o.a.j.t.JMeterThread: Stopping: [TG] - Full Submission Users 3-32
2020-01-07 15:04:31,161 WARN o.a.j.t.JMeterThread: Interrupting: [TG] - Full Submission Users 3-32 sampler: GET /licence-auth
2020-01-07 15:04:31,161 INFO o.a.j.t.JMeterThread: Thread finished: [TG] - Full Submission Users 3-19
2020-01-07 15:04:31,161 INFO o.a.j.t.JMeterThread: Stopping: [TG] - Full Submission Users 3-17
2020-01-07 15:04:31,161 WARN o.a.j.t.JMeterThread: Interrupting: [TG] - Full Submission Users 3-17 sampler: GET /licence-auth
2020-01-07 15:04:31,162 INFO o.a.j.t.JMeterThread: Stopping: [TG] - Full Submission Users 3-13
2020-01-07 15:04:31,162 INFO o.a.j.t.JMeterThread: Thread finished: [TG] - Full Submission Users 3-9
2020-01-07 15:04:31,162 WARN o.a.j.t.JMeterThread: Interrupting: [TG] - Full Submission Users 3-13 sampler: GET /licence-auth
2020-01-07 15:04:31,162 INFO o.a.j.t.JMeterThread: Stopping: [TG] - Full Submission Users 3-20
2020-01-07 15:04:31,162 WARN o.a.j.t.JMeterThread: Interrupting: [TG] - Full Submission Users 3-20 sampler: GET /licence-auth
2020-01-07 15:04:31,162 INFO o.a.j.t.JMeterThread: Stopping: [TG] - Full Submission Users 3-37
2020-01-07 15:04:31,162 INFO o.a.j.t.JMeterThread: Thread finished: [TG] - Full Submission Users 3-24
2020-01-07 15:04:31,162 INFO o.a.j.t.JMeterThread: Thread finished: [TG] - Full Submission Users 3-38
2020-01-07 15:04:31,162 INFO o.a.j.t.JMeterThread: Thread finished: [TG] - Full Submission Users 3-5
2020-01-07 15:04:31,162 WARN o.a.j.t.JMeterThread: Interrupting: [TG] - Full Submission Users 3-37 sampler: GET /licence-auth
2020-01-07 15:04:31,163 INFO o.a.j.t.JMeterThread: Stopping: [TG] - Full Submission Users 3-8
2020-01-07 15:04:31,163 INFO o.a.j.t.JMeterThread: Thread finished: [TG] - Full Submission Users 3-32
2020-01-07 15:04:31,163 WARN o.a.j.t.JMeterThread: Interrupting: [TG] - Full Submission Users 3-8 sampler: GET /licence-auth
2020-01-07 15:04:31,163 INFO o.a.j.t.JMeterThread: Thread finished: [TG] - Full Submission Users 3-17
2020-01-07 15:04:31,163 INFO o.a.j.t.JMeterThread: Stopping: [TG] - Full Submission Users 3-14
2020-01-07 15:04:31,164 WARN o.a.j.t.JMeterThread: Interrupting: [TG] - Full Submission Users 3-14 sampler: GET /licence-auth
2020-01-07 15:04:31,164 INFO o.a.j.t.JMeterThread: Thread finished: [TG] - Full Submission Users 3-13
2020-01-07 15:04:31,164 INFO o.a.j.t.JMeterThread: Stopping: [TG] - Full Submission Users 3-25
2020-01-07 15:04:31,164 WARN o.a.j.t.JMeterThread: Interrupting: [TG] - Full Submission Users 3-25 sampler: GET /licence-auth
2020-01-07 15:04:31,164 INFO o.a.j.t.JMeterThread: Thread finished: [TG] - Full Submission Users 3-20
2020-01-07 15:04:31,164 INFO o.a.j.t.JMeterThread: Stopping: [TG] - Full Submission Users 3-28
2020-01-07 15:04:31,164 WARN o.a.j.t.JMeterThread: Interrupting: [TG] - Full Submission Users 3-28 sampler: GET /licence-auth
2020-01-07 15:04:31,165 INFO o.a.j.t.JMeterThread: Thread finished: [TG] - Full Submission Users 3-37
2020-01-07 15:04:31,165 INFO o.a.j.t.JMeterThread: Stopping: [TG] - Full Submission Users 3-1
2020-01-07 15:04:31,165 WARN o.a.j.t.JMeterThread: Interrupting: [TG] - Full Submission Users 3-1 sampler: GET /licence-auth
2020-01-07 15:04:31,165 INFO o.a.j.t.JMeterThread: Stopping: [TG] - Full Submission Users 3-34
2020-01-07 15:04:31,165 INFO o.a.j.t.JMeterThread: Thread finished: [TG] - Full Submission Users 3-8
2020-01-07 15:04:31,165 WARN o.a.j.t.JMeterThread: Interrupting: [TG] - Full Submission Users 3-34 sampler: GET /licence-auth
2020-01-07 15:04:31,165 INFO o.a.j.t.JMeterThread: Stopping: [TG] - Full Submission Users 3-30
2020-01-07 15:04:31,166 INFO o.a.j.t.JMeterThread: Thread finished: [TG] - Full Submission Users 3-14
2020-01-07 15:04:31,165 WARN o.a.j.t.JMeterThread: Interrupting: [TG] - Full Submission Users 3-30 sampler: GET /licence-auth
2020-01-07 15:04:31,166 INFO o.a.j.t.JMeterThread: Thread finished: [TG] - Full Submission Users 3-25
2020-01-07 15:04:31,166 INFO o.a.j.t.JMeterThread: Stopping: [TG] - Full Submission Users 3-2
2020-01-07 15:04:31,166 WARN o.a.j.t.JMeterThread: Interrupting: [TG] - Full Submission Users 3-2 sampler: GET /licence-auth
2020-01-07 15:04:31,166 INFO o.a.j.t.JMeterThread: Thread finished: [TG] - Full Submission Users 3-28
2020-01-07 15:04:31,166 INFO o.a.j.t.JMeterThread: Thread finished: [TG] - Full Submission Users 3-1
2020-01-07 15:04:31,166 INFO o.a.j.t.JMeterThread: Stopping: [TG] - Full Submission Users 3-21
2020-01-07 15:04:31,166 WARN o.a.j.t.JMeterThread: Interrupting: [TG] - Full Submission Users 3-21 sampler: GET /licence-auth
2020-01-07 15:04:31,167 INFO o.a.j.t.JMeterThread: Stopping: [TG] - Full Submission Users 3-6
2020-01-07 15:04:31,167 WARN o.a.j.t.JMeterThread: Interrupting: [TG] - Full Submission Users 3-6 sampler: GET /licence-auth
2020-01-07 15:04:31,167 INFO o.a.j.t.JMeterThread: Thread finished: [TG] - Full Submission Users 3-34
2020-01-07 15:04:31,167 INFO o.a.j.t.JMeterThread: Stopping: [TG] - Full Submission Users 3-39
2020-01-07 15:04:31,167 WARN o.a.j.t.JMeterThread: Interrupting: [TG] - Full Submission Users 3-39 sampler: GET /licence-auth
2020-01-07 15:04:31,167 INFO o.a.j.t.JMeterThread: Thread finished: [TG] - Full Submission Users 3-30
2020-01-07 15:04:31,168 INFO o.a.j.t.JMeterThread: Thread finished: [TG] - Full Submission Users 3-2
2020-01-07 15:04:31,168 INFO o.a.j.t.JMeterThread: Thread finished: [TG] - Full Submission Users 3-21
2020-01-07 15:04:31,168 INFO o.a.j.t.JMeterThread: Thread finished: [TG] - Full Submission Users 3-6
2020-01-07 15:04:31,169 INFO o.a.j.t.JMeterThread: Thread finished: [TG] - Full Submission Users 3-39
2020-01-07 15:04:31,169 INFO o.a.j.e.StandardJMeterEngine: Notifying test listeners of end of test
2020-01-07 15:04:31,169 INFO o.a.j.s.FileServer: Close: rivers.csv
2020-01-07 15:04:31,169 INFO o.a.j.s.FileServer: Close: logins.csv
2020-01-07 15:04:31,170 INFO o.a.j.g.u.JMeterMenuBar: setRunning(false, *local*)
2020-01-07 15:05:08,407 ERROR o.a.j.JMeter: Uncaught exception: 
java.lang.ClassCastException: class javax.swing.text.AbstractDocument$DefaultDocumentEventUndoableWrapper cannot be cast to class javax.swing.text.AbstractDocument$DefaultDocumentEvent (javax.swing.text.AbstractDocument$DefaultDocumentEventUndoableWrapper and javax.swing.text.AbstractDocument$DefaultDocumentEvent are in module java.desktop of loader 'bootstrap')
	at jsyntaxpane.CompoundUndoMan.undoableEditHappened(CompoundUndoMan.java:61) ~[jsyntaxpane-1.0.0.jar:1.0.0]
	at javax.swing.text.AbstractDocument.fireUndoableEditUpdate(AbstractDocument.java:293) ~[?:?]
	at javax.swing.text.AbstractDocument.handleInsertString(AbstractDocument.java:761) ~[?:?]
	at javax.swing.text.AbstractDocument.insertString(AbstractDocument.java:716) ~[?:?]
	at javax.swing.text.PlainDocument.insertString(PlainDocument.java:131) ~[?:?]
	at javax.swing.text.DefaultEditorKit.read(DefaultEditorKit.java:274) ~[?:?]
	at javax.swing.JEditorPane.setText(JEditorPane.java:1428) ~[?:?]
	at org.apache.jmeter.visualizers.RenderAsText.showTextResponse(RenderAsText.java:36) ~[ApacheJMeter_components.jar:5.0 r1840935]
	at org.apache.jmeter.visualizers.RenderAsText.renderResult(RenderAsText.java:31) ~[ApacheJMeter_components.jar:5.0 r1840935]
	at org.apache.jmeter.visualizers.ViewResultsFullVisualizer.valueChanged(ViewResultsFullVisualizer.java:392) ~[ApacheJMeter_components.jar:5.0 r1840935]
	at org.apache.jmeter.visualizers.ViewResultsFullVisualizer.valueChanged(ViewResultsFullVisualizer.java:365) ~[ApacheJMeter_components.jar:5.0 r1840935]
	at javax.swing.JTree.fireValueChanged(JTree.java:2967) ~[?:?]
	at javax.swing.JTree$TreeSelectionRedirector.valueChanged(JTree.java:3456) ~[?:?]
	at javax.swing.tree.DefaultTreeSelectionModel.fireValueChanged(DefaultTreeSelectionModel.java:641) ~[?:?]
	at javax.swing.tree.DefaultTreeSelectionModel.notifyPathChange(DefaultTreeSelectionModel.java:1111) ~[?:?]
	at javax.swing.tree.DefaultTreeSelectionModel.setSelectionPaths(DefaultTreeSelectionModel.java:297) ~[?:?]
	at javax.swing.tree.DefaultTreeSelectionModel.setSelectionPath(DefaultTreeSelectionModel.java:191) ~[?:?]
	at javax.swing.JTree.setSelectionPath(JTree.java:1656) ~[?:?]
	at javax.swing.plaf.basic.BasicTreeUI.selectPathForEvent(BasicTreeUI.java:2736) ~[?:?]
	at javax.swing.plaf.basic.BasicTreeUI$Handler.handleSelection(BasicTreeUI.java:4016) ~[?:?]
	at javax.swing.plaf.basic.BasicTreeUI$Handler.mousePressed(BasicTreeUI.java:3955) ~[?:?]
	at java.awt.AWTEventMulticaster.mousePressed(AWTEventMulticaster.java:287) ~[?:?]
	at java.awt.Component.processMouseEvent(Component.java:6629) ~[?:?]
	at javax.swing.JComponent.processMouseEvent(JComponent.java:3342) ~[?:?]
	at java.awt.Component.processEvent(Component.java:6397) ~[?:?]
	at java.awt.Container.processEvent(Container.java:2263) ~[?:?]
	at java.awt.Component.dispatchEventImpl(Component.java:5008) ~[?:?]
	at java.awt.Container.dispatchEventImpl(Container.java:2321) ~[?:?]
	at java.awt.Component.dispatchEvent(Component.java:4840) ~[?:?]
	at java.awt.LightweightDispatcher.retargetMouseEvent(Container.java:4918) ~[?:?]
	at java.awt.LightweightDispatcher.processMouseEvent(Container.java:4544) ~[?:?]
	at java.awt.LightweightDispatcher.dispatchEvent(Container.java:4488) ~[?:?]
	at java.awt.Container.dispatchEventImpl(Container.java:2307) ~[?:?]
	at java.awt.Window.dispatchEventImpl(Window.java:2772) ~[?:?]
	at java.awt.Component.dispatchEvent(Component.java:4840) ~[?:?]
	at java.awt.EventQueue.dispatchEventImpl(EventQueue.java:772) ~[?:?]
	at java.awt.EventQueue$4.run(EventQueue.java:721) ~[?:?]
	at java.awt.EventQueue$4.run(EventQueue.java:715) ~[?:?]
	at java.security.AccessController.doPrivileged(Native Method) ~[?:?]
	at java.security.ProtectionDomain$JavaSecurityAccessImpl.doIntersectionPrivilege(ProtectionDomain.java:85) ~[?:?]
	at java.security.ProtectionDomain$JavaSecurityAccessImpl.doIntersectionPrivilege(ProtectionDomain.java:95) ~[?:?]
	at java.awt.EventQueue$5.run(EventQueue.java:745) ~[?:?]
	at java.awt.EventQueue$5.run(EventQueue.java:743) ~[?:?]
	at java.security.AccessController.doPrivileged(Native Method) ~[?:?]
	at java.security.ProtectionDomain$JavaSecurityAccessImpl.doIntersectionPrivilege(ProtectionDomain.java:85) ~[?:?]
	at java.awt.EventQueue.dispatchEvent(EventQueue.java:742) ~[?:?]
	at java.awt.EventDispatchThread.pumpOneEventForFilters(EventDispatchThread.java:203) [?:?]
	at java.awt.EventDispatchThread.pumpEventsForFilter(EventDispatchThread.java:124) [?:?]
	at java.awt.EventDispatchThread.pumpEventsForHierarchy(EventDispatchThread.java:113) [?:?]
	at java.awt.EventDispatchThread.pumpEvents(EventDispatchThread.java:109) [?:?]
	at java.awt.EventDispatchThread.pumpEvents(EventDispatchThread.java:101) [?:?]
	at java.awt.EventDispatchThread.run(EventDispatchThread.java:90) [?:?]
2020-01-07 15:05:11,593 ERROR o.a.j.JMeter: Uncaught exception: 
java.lang.ClassCastException: class javax.swing.text.AbstractDocument$DefaultDocumentEventUndoableWrapper cannot be cast to class javax.swing.text.AbstractDocument$DefaultDocumentEvent (javax.swing.text.AbstractDocument$DefaultDocumentEventUndoableWrapper and javax.swing.text.AbstractDocument$DefaultDocumentEvent are in module java.desktop of loader 'bootstrap')
	at jsyntaxpane.CompoundUndoMan.undoableEditHappened(CompoundUndoMan.java:61) ~[jsyntaxpane-1.0.0.jar:1.0.0]
	at javax.swing.text.AbstractDocument.fireUndoableEditUpdate(AbstractDocument.java:293) ~[?:?]
	at javax.swing.text.AbstractDocument.handleRemove(AbstractDocument.java:632) ~[?:?]
	at javax.swing.text.AbstractDocument.remove(AbstractDocument.java:596) ~[?:?]
	at javax.swing.JEditorPane.setText(JEditorPane.java:1422) ~[?:?]
	at org.apache.jmeter.visualizers.SamplerResultTab.clearData(SamplerResultTab.java:207) ~[ApacheJMeter_components.jar:5.0 r1840935]
	at org.apache.jmeter.visualizers.SamplerResultTab.setupTabPane(SamplerResultTab.java:228) ~[ApacheJMeter_components.jar:5.0 r1840935]
	at org.apache.jmeter.visualizers.ViewResultsFullVisualizer.valueChanged(ViewResultsFullVisualizer.java:387) ~[ApacheJMeter_components.jar:5.0 r1840935]
	at org.apache.jmeter.visualizers.ViewResultsFullVisualizer.valueChanged(ViewResultsFullVisualizer.java:365) ~[ApacheJMeter_components.jar:5.0 r1840935]
	at javax.swing.JTree.fireValueChanged(JTree.java:2967) ~[?:?]
	at javax.swing.JTree$TreeSelectionRedirector.valueChanged(JTree.java:3456) ~[?:?]
	at javax.swing.tree.DefaultTreeSelectionModel.fireValueChanged(DefaultTreeSelectionModel.java:641) ~[?:?]
	at javax.swing.tree.DefaultTreeSelectionModel.notifyPathChange(DefaultTreeSelectionModel.java:1111) ~[?:?]
	at javax.swing.tree.DefaultTreeSelectionModel.setSelectionPaths(DefaultTreeSelectionModel.java:297) ~[?:?]
	at javax.swing.tree.DefaultTreeSelectionModel.setSelectionPath(DefaultTreeSelectionModel.java:191) ~[?:?]
	at javax.swing.JTree.setSelectionPath(JTree.java:1656) ~[?:?]
	at javax.swing.plaf.basic.BasicTreeUI.selectPathForEvent(BasicTreeUI.java:2736) ~[?:?]
	at javax.swing.plaf.basic.BasicTreeUI$Handler.handleSelection(BasicTreeUI.java:4016) ~[?:?]
	at javax.swing.plaf.basic.BasicTreeUI$Handler.mousePressed(BasicTreeUI.java:3955) ~[?:?]
	at java.awt.AWTEventMulticaster.mousePressed(AWTEventMulticaster.java:287) ~[?:?]
	at java.awt.Component.processMouseEvent(Component.java:6629) ~[?:?]
	at javax.swing.JComponent.processMouseEvent(JComponent.java:3342) ~[?:?]
	at java.awt.Component.processEvent(Component.java:6397) ~[?:?]
	at java.awt.Container.processEvent(Container.java:2263) ~[?:?]
	at java.awt.Component.dispatchEventImpl(Component.java:5008) ~[?:?]
	at java.awt.Container.dispatchEventImpl(Container.java:2321) ~[?:?]
	at java.awt.Component.dispatchEvent(Component.java:4840) ~[?:?]
	at java.awt.LightweightDispatcher.retargetMouseEvent(Container.java:4918) ~[?:?]
	at java.awt.LightweightDispatcher.processMouseEvent(Container.java:4544) ~[?:?]
	at java.awt.LightweightDispatcher.dispatchEvent(Container.java:4488) ~[?:?]
	at java.awt.Container.dispatchEventImpl(Container.java:2307) ~[?:?]
	at java.awt.Window.dispatchEventImpl(Window.java:2772) ~[?:?]
	at java.awt.Component.dispatchEvent(Component.java:4840) ~[?:?]
	at java.awt.EventQueue.dispatchEventImpl(EventQueue.java:772) ~[?:?]
	at java.awt.EventQueue$4.run(EventQueue.java:721) ~[?:?]
	at java.awt.EventQueue$4.run(EventQueue.java:715) ~[?:?]
	at java.security.AccessController.doPrivileged(Native Method) ~[?:?]
	at java.security.ProtectionDomain$JavaSecurityAccessImpl.doIntersectionPrivilege(ProtectionDomain.java:85) ~[?:?]
	at java.security.ProtectionDomain$JavaSecurityAccessImpl.doIntersectionPrivilege(ProtectionDomain.java:95) ~[?:?]
	at java.awt.EventQueue$5.run(EventQueue.java:745) ~[?:?]
	at java.awt.EventQueue$5.run(EventQueue.java:743) ~[?:?]
	at java.security.AccessController.doPrivileged(Native Method) ~[?:?]
	at java.security.ProtectionDomain$JavaSecurityAccessImpl.doIntersectionPrivilege(ProtectionDomain.java:85) ~[?:?]
	at java.awt.EventQueue.dispatchEvent(EventQueue.java:742) ~[?:?]
	at java.awt.EventDispatchThread.pumpOneEventForFilters(EventDispatchThread.java:203) [?:?]
	at java.awt.EventDispatchThread.pumpEventsForFilter(EventDispatchThread.java:124) [?:?]
	at java.awt.EventDispatchThread.pumpEventsForHierarchy(EventDispatchThread.java:113) [?:?]
	at java.awt.EventDispatchThread.pumpEvents(EventDispatchThread.java:109) [?:?]
	at java.awt.EventDispatchThread.pumpEvents(EventDispatchThread.java:101) [?:?]
	at java.awt.EventDispatchThread.run(EventDispatchThread.java:90) [?:?]
2020-01-07 15:05:13,091 ERROR o.a.j.JMeter: Uncaught exception: 
java.lang.ClassCastException: class javax.swing.text.AbstractDocument$DefaultDocumentEventUndoableWrapper cannot be cast to class javax.swing.text.AbstractDocument$DefaultDocumentEvent (javax.swing.text.AbstractDocument$DefaultDocumentEventUndoableWrapper and javax.swing.text.AbstractDocument$DefaultDocumentEvent are in module java.desktop of loader 'bootstrap')
	at jsyntaxpane.CompoundUndoMan.undoableEditHappened(CompoundUndoMan.java:61) ~[jsyntaxpane-1.0.0.jar:1.0.0]
	at javax.swing.text.AbstractDocument.fireUndoableEditUpdate(AbstractDocument.java:293) ~[?:?]
	at javax.swing.text.AbstractDocument.handleInsertString(AbstractDocument.java:761) ~[?:?]
	at javax.swing.text.AbstractDocument.insertString(AbstractDocument.java:716) ~[?:?]
	at javax.swing.text.PlainDocument.insertString(PlainDocument.java:131) ~[?:?]
	at javax.swing.text.DefaultEditorKit.read(DefaultEditorKit.java:274) ~[?:?]
	at javax.swing.JEditorPane.setText(JEditorPane.java:1428) ~[?:?]
	at org.apache.jmeter.visualizers.RenderAsText.showTextResponse(RenderAsText.java:36) ~[ApacheJMeter_components.jar:5.0 r1840935]
	at org.apache.jmeter.visualizers.RenderAsText.renderResult(RenderAsText.java:31) ~[ApacheJMeter_components.jar:5.0 r1840935]
	at org.apache.jmeter.visualizers.ViewResultsFullVisualizer.valueChanged(ViewResultsFullVisualizer.java:392) ~[ApacheJMeter_components.jar:5.0 r1840935]
	at org.apache.jmeter.visualizers.ViewResultsFullVisualizer.valueChanged(ViewResultsFullVisualizer.java:365) ~[ApacheJMeter_components.jar:5.0 r1840935]
	at javax.swing.JTree.fireValueChanged(JTree.java:2967) ~[?:?]
	at javax.swing.JTree$TreeSelectionRedirector.valueChanged(JTree.java:3456) ~[?:?]
	at javax.swing.tree.DefaultTreeSelectionModel.fireValueChanged(DefaultTreeSelectionModel.java:641) ~[?:?]
	at javax.swing.tree.DefaultTreeSelectionModel.notifyPathChange(DefaultTreeSelectionModel.java:1111) ~[?:?]
	at javax.swing.tree.DefaultTreeSelectionModel.setSelectionPaths(DefaultTreeSelectionModel.java:297) ~[?:?]
	at javax.swing.tree.DefaultTreeSelectionModel.setSelectionPath(DefaultTreeSelectionModel.java:191) ~[?:?]
	at javax.swing.JTree.setSelectionPath(JTree.java:1656) ~[?:?]
	at javax.swing.plaf.basic.BasicTreeUI.selectPathForEvent(BasicTreeUI.java:2736) ~[?:?]
	at javax.swing.plaf.basic.BasicTreeUI$Handler.handleSelection(BasicTreeUI.java:4016) ~[?:?]
	at javax.swing.plaf.basic.BasicTreeUI$Handler.mousePressed(BasicTreeUI.java:3955) ~[?:?]
	at java.awt.AWTEventMulticaster.mousePressed(AWTEventMulticaster.java:287) ~[?:?]
	at java.awt.Component.processMouseEvent(Component.java:6629) ~[?:?]
	at javax.swing.JComponent.processMouseEvent(JComponent.java:3342) ~[?:?]
	at java.awt.Component.processEvent(Component.java:6397) ~[?:?]
	at java.awt.Container.processEvent(Container.java:2263) ~[?:?]
	at java.awt.Component.dispatchEventImpl(Component.java:5008) ~[?:?]
	at java.awt.Container.dispatchEventImpl(Container.java:2321) ~[?:?]
	at java.awt.Component.dispatchEvent(Component.java:4840) ~[?:?]
	at java.awt.LightweightDispatcher.retargetMouseEvent(Container.java:4918) ~[?:?]
	at java.awt.LightweightDispatcher.processMouseEvent(Container.java:4544) ~[?:?]
	at java.awt.LightweightDispatcher.dispatchEvent(Container.java:4488) ~[?:?]
	at java.awt.Container.dispatchEventImpl(Container.java:2307) ~[?:?]
	at java.awt.Window.dispatchEventImpl(Window.java:2772) ~[?:?]
	at java.awt.Component.dispatchEvent(Component.java:4840) ~[?:?]
	at java.awt.EventQueue.dispatchEventImpl(EventQueue.java:772) ~[?:?]
	at java.awt.EventQueue$4.run(EventQueue.java:721) ~[?:?]
	at java.awt.EventQueue$4.run(EventQueue.java:715) ~[?:?]
	at java.security.AccessController.doPrivileged(Native Method) ~[?:?]
	at java.security.ProtectionDomain$JavaSecurityAccessImpl.doIntersectionPrivilege(ProtectionDomain.java:85) ~[?:?]
	at java.security.ProtectionDomain$JavaSecurityAccessImpl.doIntersectionPrivilege(ProtectionDomain.java:95) ~[?:?]
	at java.awt.EventQueue$5.run(EventQueue.java:745) ~[?:?]
	at java.awt.EventQueue$5.run(EventQueue.java:743) ~[?:?]
	at java.security.AccessController.doPrivileged(Native Method) ~[?:?]
	at java.security.ProtectionDomain$JavaSecurityAccessImpl.doIntersectionPrivilege(ProtectionDomain.java:85) ~[?:?]
	at java.awt.EventQueue.dispatchEvent(EventQueue.java:742) ~[?:?]
	at java.awt.EventDispatchThread.pumpOneEventForFilters(EventDispatchThread.java:203) [?:?]
	at java.awt.EventDispatchThread.pumpEventsForFilter(EventDispatchThread.java:124) [?:?]
	at java.awt.EventDispatchThread.pumpEventsForHierarchy(EventDispatchThread.java:113) [?:?]
	at java.awt.EventDispatchThread.pumpEvents(EventDispatchThread.java:109) [?:?]
	at java.awt.EventDispatchThread.pumpEvents(EventDispatchThread.java:101) [?:?]
	at java.awt.EventDispatchThread.run(EventDispatchThread.java:90) [?:?]
2020-01-07 15:05:13,664 ERROR o.a.j.JMeter: Uncaught exception: 
java.lang.ClassCastException: class javax.swing.text.AbstractDocument$DefaultDocumentEventUndoableWrapper cannot be cast to class javax.swing.text.AbstractDocument$DefaultDocumentEvent (javax.swing.text.AbstractDocument$DefaultDocumentEventUndoableWrapper and javax.swing.text.AbstractDocument$DefaultDocumentEvent are in module java.desktop of loader 'bootstrap')
	at jsyntaxpane.CompoundUndoMan.undoableEditHappened(CompoundUndoMan.java:61) ~[jsyntaxpane-1.0.0.jar:1.0.0]
	at javax.swing.text.AbstractDocument.fireUndoableEditUpdate(AbstractDocument.java:293) ~[?:?]
	at javax.swing.text.AbstractDocument.handleRemove(AbstractDocument.java:632) ~[?:?]
	at javax.swing.text.AbstractDocument.remove(AbstractDocument.java:596) ~[?:?]
	at javax.swing.JEditorPane.setText(JEditorPane.java:1422) ~[?:?]
	at org.apache.jmeter.visualizers.SamplerResultTab.clearData(SamplerResultTab.java:207) ~[ApacheJMeter_components.jar:5.0 r1840935]
	at org.apache.jmeter.visualizers.SamplerResultTab.setupTabPane(SamplerResultTab.java:228) ~[ApacheJMeter_components.jar:5.0 r1840935]
	at org.apache.jmeter.visualizers.ViewResultsFullVisualizer.valueChanged(ViewResultsFullVisualizer.java:387) ~[ApacheJMeter_components.jar:5.0 r1840935]
	at org.apache.jmeter.visualizers.ViewResultsFullVisualizer.valueChanged(ViewResultsFullVisualizer.java:365) ~[ApacheJMeter_components.jar:5.0 r1840935]
	at javax.swing.JTree.fireValueChanged(JTree.java:2967) ~[?:?]
	at javax.swing.JTree$TreeSelectionRedirector.valueChanged(JTree.java:3456) ~[?:?]
	at javax.swing.tree.DefaultTreeSelectionModel.fireValueChanged(DefaultTreeSelectionModel.java:641) ~[?:?]
	at javax.swing.tree.DefaultTreeSelectionModel.notifyPathChange(DefaultTreeSelectionModel.java:1111) ~[?:?]
	at javax.swing.tree.DefaultTreeSelectionModel.setSelectionPaths(DefaultTreeSelectionModel.java:297) ~[?:?]
	at javax.swing.tree.DefaultTreeSelectionModel.setSelectionPath(DefaultTreeSelectionModel.java:191) ~[?:?]
	at javax.swing.JTree.setSelectionPath(JTree.java:1656) ~[?:?]
	at javax.swing.plaf.basic.BasicTreeUI.selectPathForEvent(BasicTreeUI.java:2736) ~[?:?]
	at javax.swing.plaf.basic.BasicTreeUI$Handler.handleSelection(BasicTreeUI.java:4016) ~[?:?]
	at javax.swing.plaf.basic.BasicTreeUI$Handler.mousePressed(BasicTreeUI.java:3955) ~[?:?]
	at java.awt.AWTEventMulticaster.mousePressed(AWTEventMulticaster.java:287) ~[?:?]
	at java.awt.Component.processMouseEvent(Component.java:6629) ~[?:?]
	at javax.swing.JComponent.processMouseEvent(JComponent.java:3342) ~[?:?]
	at java.awt.Component.processEvent(Component.java:6397) ~[?:?]
	at java.awt.Container.processEvent(Container.java:2263) ~[?:?]
	at java.awt.Component.dispatchEventImpl(Component.java:5008) ~[?:?]
	at java.awt.Container.dispatchEventImpl(Container.java:2321) ~[?:?]
	at java.awt.Component.dispatchEvent(Component.java:4840) ~[?:?]
	at java.awt.LightweightDispatcher.retargetMouseEvent(Container.java:4918) ~[?:?]
	at java.awt.LightweightDispatcher.processMouseEvent(Container.java:4544) ~[?:?]
	at java.awt.LightweightDispatcher.dispatchEvent(Container.java:4488) ~[?:?]
	at java.awt.Container.dispatchEventImpl(Container.java:2307) ~[?:?]
	at java.awt.Window.dispatchEventImpl(Window.java:2772) ~[?:?]
	at java.awt.Component.dispatchEvent(Component.java:4840) ~[?:?]
	at java.awt.EventQueue.dispatchEventImpl(EventQueue.java:772) ~[?:?]
	at java.awt.EventQueue$4.run(EventQueue.java:721) ~[?:?]
	at java.awt.EventQueue$4.run(EventQueue.java:715) ~[?:?]
	at java.security.AccessController.doPrivileged(Native Method) ~[?:?]
	at java.security.ProtectionDomain$JavaSecurityAccessImpl.doIntersectionPrivilege(ProtectionDomain.java:85) ~[?:?]
	at java.security.ProtectionDomain$JavaSecurityAccessImpl.doIntersectionPrivilege(ProtectionDomain.java:95) ~[?:?]
	at java.awt.EventQueue$5.run(EventQueue.java:745) ~[?:?]
	at java.awt.EventQueue$5.run(EventQueue.java:743) ~[?:?]
	at java.security.AccessController.doPrivileged(Native Method) ~[?:?]
	at java.security.ProtectionDomain$JavaSecurityAccessImpl.doIntersectionPrivilege(ProtectionDomain.java:85) ~[?:?]
	at java.awt.EventQueue.dispatchEvent(EventQueue.java:742) ~[?:?]
	at java.awt.EventDispatchThread.pumpOneEventForFilters(EventDispatchThread.java:203) [?:?]
	at java.awt.EventDispatchThread.pumpEventsForFilter(EventDispatchThread.java:124) [?:?]
	at java.awt.EventDispatchThread.pumpEventsForHierarchy(EventDispatchThread.java:113) [?:?]
	at java.awt.EventDispatchThread.pumpEvents(EventDispatchThread.java:109) [?:?]
	at java.awt.EventDispatchThread.pumpEvents(EventDispatchThread.java:101) [?:?]
	at java.awt.EventDispatchThread.run(EventDispatchThread.java:90) [?:?]
2020-01-07 15:05:16,422 ERROR o.a.j.JMeter: Uncaught exception: 
java.lang.ClassCastException: class javax.swing.text.AbstractDocument$DefaultDocumentEventUndoableWrapper cannot be cast to class javax.swing.text.AbstractDocument$DefaultDocumentEvent (javax.swing.text.AbstractDocument$DefaultDocumentEventUndoableWrapper and javax.swing.text.AbstractDocument$DefaultDocumentEvent are in module java.desktop of loader 'bootstrap')
	at jsyntaxpane.CompoundUndoMan.undoableEditHappened(CompoundUndoMan.java:61) ~[jsyntaxpane-1.0.0.jar:1.0.0]
	at javax.swing.text.AbstractDocument.fireUndoableEditUpdate(AbstractDocument.java:293) ~[?:?]
	at javax.swing.text.AbstractDocument.handleInsertString(AbstractDocument.java:761) ~[?:?]
	at javax.swing.text.AbstractDocument.insertString(AbstractDocument.java:716) ~[?:?]
	at javax.swing.text.PlainDocument.insertString(PlainDocument.java:131) ~[?:?]
	at javax.swing.text.DefaultEditorKit.read(DefaultEditorKit.java:274) ~[?:?]
	at javax.swing.JEditorPane.setText(JEditorPane.java:1428) ~[?:?]
	at org.apache.jmeter.visualizers.RenderAsText.showTextResponse(RenderAsText.java:36) ~[ApacheJMeter_components.jar:5.0 r1840935]
	at org.apache.jmeter.visualizers.RenderAsText.renderResult(RenderAsText.java:31) ~[ApacheJMeter_components.jar:5.0 r1840935]
	at org.apache.jmeter.visualizers.ViewResultsFullVisualizer.valueChanged(ViewResultsFullVisualizer.java:392) ~[ApacheJMeter_components.jar:5.0 r1840935]
	at org.apache.jmeter.visualizers.ViewResultsFullVisualizer.valueChanged(ViewResultsFullVisualizer.java:365) ~[ApacheJMeter_components.jar:5.0 r1840935]
	at javax.swing.JTree.fireValueChanged(JTree.java:2967) ~[?:?]
	at javax.swing.JTree$TreeSelectionRedirector.valueChanged(JTree.java:3456) ~[?:?]
	at javax.swing.tree.DefaultTreeSelectionModel.fireValueChanged(DefaultTreeSelectionModel.java:641) ~[?:?]
	at javax.swing.tree.DefaultTreeSelectionModel.notifyPathChange(DefaultTreeSelectionModel.java:1111) ~[?:?]
	at javax.swing.tree.DefaultTreeSelectionModel.setSelectionPaths(DefaultTreeSelectionModel.java:297) ~[?:?]
	at javax.swing.tree.DefaultTreeSelectionModel.setSelectionPath(DefaultTreeSelectionModel.java:191) ~[?:?]
	at javax.swing.JTree.setSelectionPath(JTree.java:1656) ~[?:?]
	at javax.swing.plaf.basic.BasicTreeUI.selectPathForEvent(BasicTreeUI.java:2736) ~[?:?]
	at javax.swing.plaf.basic.BasicTreeUI$Handler.handleSelection(BasicTreeUI.java:4016) ~[?:?]
	at javax.swing.plaf.basic.BasicTreeUI$Handler.mousePressed(BasicTreeUI.java:3955) ~[?:?]
	at java.awt.AWTEventMulticaster.mousePressed(AWTEventMulticaster.java:287) ~[?:?]
	at java.awt.Component.processMouseEvent(Component.java:6629) ~[?:?]
	at javax.swing.JComponent.processMouseEvent(JComponent.java:3342) ~[?:?]
	at java.awt.Component.processEvent(Component.java:6397) ~[?:?]
	at java.awt.Container.processEvent(Container.java:2263) ~[?:?]
	at java.awt.Component.dispatchEventImpl(Component.java:5008) ~[?:?]
	at java.awt.Container.dispatchEventImpl(Container.java:2321) ~[?:?]
	at java.awt.Component.dispatchEvent(Component.java:4840) ~[?:?]
	at java.awt.LightweightDispatcher.retargetMouseEvent(Container.java:4918) ~[?:?]
	at java.awt.LightweightDispatcher.processMouseEvent(Container.java:4544) ~[?:?]
	at java.awt.LightweightDispatcher.dispatchEvent(Container.java:4488) ~[?:?]
	at java.awt.Container.dispatchEventImpl(Container.java:2307) ~[?:?]
	at java.awt.Window.dispatchEventImpl(Window.java:2772) ~[?:?]
	at java.awt.Component.dispatchEvent(Component.java:4840) ~[?:?]
	at java.awt.EventQueue.dispatchEventImpl(EventQueue.java:772) ~[?:?]
	at java.awt.EventQueue$4.run(EventQueue.java:721) ~[?:?]
	at java.awt.EventQueue$4.run(EventQueue.java:715) ~[?:?]
	at java.security.AccessController.doPrivileged(Native Method) ~[?:?]
	at java.security.ProtectionDomain$JavaSecurityAccessImpl.doIntersectionPrivilege(ProtectionDomain.java:85) ~[?:?]
	at java.security.ProtectionDomain$JavaSecurityAccessImpl.doIntersectionPrivilege(ProtectionDomain.java:95) ~[?:?]
	at java.awt.EventQueue$5.run(EventQueue.java:745) ~[?:?]
	at java.awt.EventQueue$5.run(EventQueue.java:743) ~[?:?]
	at java.security.AccessController.doPrivileged(Native Method) ~[?:?]
	at java.security.ProtectionDomain$JavaSecurityAccessImpl.doIntersectionPrivilege(ProtectionDomain.java:85) ~[?:?]
	at java.awt.EventQueue.dispatchEvent(EventQueue.java:742) ~[?:?]
	at java.awt.EventDispatchThread.pumpOneEventForFilters(EventDispatchThread.java:203) [?:?]
	at java.awt.EventDispatchThread.pumpEventsForFilter(EventDispatchThread.java:124) [?:?]
	at java.awt.EventDispatchThread.pumpEventsForHierarchy(EventDispatchThread.java:113) [?:?]
	at java.awt.EventDispatchThread.pumpEvents(EventDispatchThread.java:109) [?:?]
	at java.awt.EventDispatchThread.pumpEvents(EventDispatchThread.java:101) [?:?]
	at java.awt.EventDispatchThread.run(EventDispatchThread.java:90) [?:?]
2020-01-07 15:05:16,937 ERROR o.a.j.JMeter: Uncaught exception: 
java.lang.ClassCastException: class javax.swing.text.AbstractDocument$DefaultDocumentEventUndoableWrapper cannot be cast to class javax.swing.text.AbstractDocument$DefaultDocumentEvent (javax.swing.text.AbstractDocument$DefaultDocumentEventUndoableWrapper and javax.swing.text.AbstractDocument$DefaultDocumentEvent are in module java.desktop of loader 'bootstrap')
	at jsyntaxpane.CompoundUndoMan.undoableEditHappened(CompoundUndoMan.java:61) ~[jsyntaxpane-1.0.0.jar:1.0.0]
	at javax.swing.text.AbstractDocument.fireUndoableEditUpdate(AbstractDocument.java:293) ~[?:?]
	at javax.swing.text.AbstractDocument.handleRemove(AbstractDocument.java:632) ~[?:?]
	at javax.swing.text.AbstractDocument.remove(AbstractDocument.java:596) ~[?:?]
	at javax.swing.JEditorPane.setText(JEditorPane.java:1422) ~[?:?]
	at org.apache.jmeter.visualizers.SamplerResultTab.clearData(SamplerResultTab.java:207) ~[ApacheJMeter_components.jar:5.0 r1840935]
	at org.apache.jmeter.visualizers.SamplerResultTab.setupTabPane(SamplerResultTab.java:228) ~[ApacheJMeter_components.jar:5.0 r1840935]
	at org.apache.jmeter.visualizers.ViewResultsFullVisualizer.valueChanged(ViewResultsFullVisualizer.java:387) ~[ApacheJMeter_components.jar:5.0 r1840935]
	at org.apache.jmeter.visualizers.ViewResultsFullVisualizer.valueChanged(ViewResultsFullVisualizer.java:365) ~[ApacheJMeter_components.jar:5.0 r1840935]
	at javax.swing.JTree.fireValueChanged(JTree.java:2967) ~[?:?]
	at javax.swing.JTree$TreeSelectionRedirector.valueChanged(JTree.java:3456) ~[?:?]
	at javax.swing.tree.DefaultTreeSelectionModel.fireValueChanged(DefaultTreeSelectionModel.java:641) ~[?:?]
	at javax.swing.tree.DefaultTreeSelectionModel.notifyPathChange(DefaultTreeSelectionModel.java:1111) ~[?:?]
	at javax.swing.tree.DefaultTreeSelectionModel.setSelectionPaths(DefaultTreeSelectionModel.java:297) ~[?:?]
	at javax.swing.tree.DefaultTreeSelectionModel.setSelectionPath(DefaultTreeSelectionModel.java:191) ~[?:?]
	at javax.swing.JTree.setSelectionPath(JTree.java:1656) ~[?:?]
	at javax.swing.plaf.basic.BasicTreeUI.selectPathForEvent(BasicTreeUI.java:2736) ~[?:?]
	at javax.swing.plaf.basic.BasicTreeUI$Handler.handleSelection(BasicTreeUI.java:4016) ~[?:?]
	at javax.swing.plaf.basic.BasicTreeUI$Handler.mousePressed(BasicTreeUI.java:3955) ~[?:?]
	at java.awt.AWTEventMulticaster.mousePressed(AWTEventMulticaster.java:287) ~[?:?]
	at java.awt.Component.processMouseEvent(Component.java:6629) ~[?:?]
	at javax.swing.JComponent.processMouseEvent(JComponent.java:3342) ~[?:?]
	at java.awt.Component.processEvent(Component.java:6397) ~[?:?]
	at java.awt.Container.processEvent(Container.java:2263) ~[?:?]
	at java.awt.Component.dispatchEventImpl(Component.java:5008) ~[?:?]
	at java.awt.Container.dispatchEventImpl(Container.java:2321) ~[?:?]
	at java.awt.Component.dispatchEvent(Component.java:4840) ~[?:?]
	at java.awt.LightweightDispatcher.retargetMouseEvent(Container.java:4918) ~[?:?]
	at java.awt.LightweightDispatcher.processMouseEvent(Container.java:4544) ~[?:?]
	at java.awt.LightweightDispatcher.dispatchEvent(Container.java:4488) ~[?:?]
	at java.awt.Container.dispatchEventImpl(Container.java:2307) ~[?:?]
	at java.awt.Window.dispatchEventImpl(Window.java:2772) ~[?:?]
	at java.awt.Component.dispatchEvent(Component.java:4840) ~[?:?]
	at java.awt.EventQueue.dispatchEventImpl(EventQueue.java:772) ~[?:?]
	at java.awt.EventQueue$4.run(EventQueue.java:721) ~[?:?]
	at java.awt.EventQueue$4.run(EventQueue.java:715) ~[?:?]
	at java.security.AccessController.doPrivileged(Native Method) ~[?:?]
	at java.security.ProtectionDomain$JavaSecurityAccessImpl.doIntersectionPrivilege(ProtectionDomain.java:85) ~[?:?]
	at java.security.ProtectionDomain$JavaSecurityAccessImpl.doIntersectionPrivilege(ProtectionDomain.java:95) ~[?:?]
	at java.awt.EventQueue$5.run(EventQueue.java:745) ~[?:?]
	at java.awt.EventQueue$5.run(EventQueue.java:743) ~[?:?]
	at java.security.AccessController.doPrivileged(Native Method) ~[?:?]
	at java.security.ProtectionDomain$JavaSecurityAccessImpl.doIntersectionPrivilege(ProtectionDomain.java:85) ~[?:?]
	at java.awt.EventQueue.dispatchEvent(EventQueue.java:742) ~[?:?]
	at java.awt.EventDispatchThread.pumpOneEventForFilters(EventDispatchThread.java:203) [?:?]
	at java.awt.EventDispatchThread.pumpEventsForFilter(EventDispatchThread.java:124) [?:?]
	at java.awt.EventDispatchThread.pumpEventsForHierarchy(EventDispatchThread.java:113) [?:?]
	at java.awt.EventDispatchThread.pumpEvents(EventDispatchThread.java:109) [?:?]
	at java.awt.EventDispatchThread.pumpEvents(EventDispatchThread.java:101) [?:?]
	at java.awt.EventDispatchThread.run(EventDispatchThread.java:90) [?:?]
2020-01-07 15:05:25,073 ERROR o.a.j.JMeter: Uncaught exception: 
java.lang.ClassCastException: class javax.swing.text.AbstractDocument$DefaultDocumentEventUndoableWrapper cannot be cast to class javax.swing.text.AbstractDocument$DefaultDocumentEvent (javax.swing.text.AbstractDocument$DefaultDocumentEventUndoableWrapper and javax.swing.text.AbstractDocument$DefaultDocumentEvent are in module java.desktop of loader 'bootstrap')
	at jsyntaxpane.CompoundUndoMan.undoableEditHappened(CompoundUndoMan.java:61) ~[jsyntaxpane-1.0.0.jar:1.0.0]
	at javax.swing.text.AbstractDocument.fireUndoableEditUpdate(AbstractDocument.java:293) ~[?:?]
	at javax.swing.text.AbstractDocument.handleInsertString(AbstractDocument.java:761) ~[?:?]
	at javax.swing.text.AbstractDocument.insertString(AbstractDocument.java:716) ~[?:?]
	at javax.swing.text.PlainDocument.insertString(PlainDocument.java:131) ~[?:?]
	at javax.swing.text.DefaultEditorKit.read(DefaultEditorKit.java:274) ~[?:?]
	at javax.swing.JEditorPane.setText(JEditorPane.java:1428) ~[?:?]
	at org.apache.jmeter.visualizers.RenderAsText.showTextResponse(RenderAsText.java:36) ~[ApacheJMeter_components.jar:5.0 r1840935]
	at org.apache.jmeter.visualizers.RenderAsText.renderResult(RenderAsText.java:31) ~[ApacheJMeter_components.jar:5.0 r1840935]
	at org.apache.jmeter.visualizers.ViewResultsFullVisualizer.valueChanged(ViewResultsFullVisualizer.java:392) ~[ApacheJMeter_components.jar:5.0 r1840935]
	at org.apache.jmeter.visualizers.ViewResultsFullVisualizer.valueChanged(ViewResultsFullVisualizer.java:365) ~[ApacheJMeter_components.jar:5.0 r1840935]
	at javax.swing.JTree.fireValueChanged(JTree.java:2967) ~[?:?]
	at javax.swing.JTree$TreeSelectionRedirector.valueChanged(JTree.java:3456) ~[?:?]
	at javax.swing.tree.DefaultTreeSelectionModel.fireValueChanged(DefaultTreeSelectionModel.java:641) ~[?:?]
	at javax.swing.tree.DefaultTreeSelectionModel.notifyPathChange(DefaultTreeSelectionModel.java:1111) ~[?:?]
	at javax.swing.tree.DefaultTreeSelectionModel.setSelectionPaths(DefaultTreeSelectionModel.java:297) ~[?:?]
	at javax.swing.tree.DefaultTreeSelectionModel.setSelectionPath(DefaultTreeSelectionModel.java:191) ~[?:?]
	at javax.swing.JTree.setSelectionPath(JTree.java:1656) ~[?:?]
	at javax.swing.plaf.basic.BasicTreeUI.selectPathForEvent(BasicTreeUI.java:2736) ~[?:?]
	at javax.swing.plaf.basic.BasicTreeUI$Handler.handleSelection(BasicTreeUI.java:4016) ~[?:?]
	at javax.swing.plaf.basic.BasicTreeUI$Handler.mousePressed(BasicTreeUI.java:3955) ~[?:?]
	at java.awt.AWTEventMulticaster.mousePressed(AWTEventMulticaster.java:287) ~[?:?]
	at java.awt.Component.processMouseEvent(Component.java:6629) ~[?:?]
	at javax.swing.JComponent.processMouseEvent(JComponent.java:3342) ~[?:?]
	at java.awt.Component.processEvent(Component.java:6397) ~[?:?]
	at java.awt.Container.processEvent(Container.java:2263) ~[?:?]
	at java.awt.Component.dispatchEventImpl(Component.java:5008) ~[?:?]
	at java.awt.Container.dispatchEventImpl(Container.java:2321) ~[?:?]
	at java.awt.Component.dispatchEvent(Component.java:4840) ~[?:?]
	at java.awt.LightweightDispatcher.retargetMouseEvent(Container.java:4918) ~[?:?]
	at java.awt.LightweightDispatcher.processMouseEvent(Container.java:4544) ~[?:?]
	at java.awt.LightweightDispatcher.dispatchEvent(Container.java:4488) ~[?:?]
	at java.awt.Container.dispatchEventImpl(Container.java:2307) ~[?:?]
	at java.awt.Window.dispatchEventImpl(Window.java:2772) ~[?:?]
	at java.awt.Component.dispatchEvent(Component.java:4840) ~[?:?]
	at java.awt.EventQueue.dispatchEventImpl(EventQueue.java:772) ~[?:?]
	at java.awt.EventQueue$4.run(EventQueue.java:721) ~[?:?]
	at java.awt.EventQueue$4.run(EventQueue.java:715) ~[?:?]
	at java.security.AccessController.doPrivileged(Native Method) ~[?:?]
	at java.security.ProtectionDomain$JavaSecurityAccessImpl.doIntersectionPrivilege(ProtectionDomain.java:85) ~[?:?]
	at java.security.ProtectionDomain$JavaSecurityAccessImpl.doIntersectionPrivilege(ProtectionDomain.java:95) ~[?:?]
	at java.awt.EventQueue$5.run(EventQueue.java:745) ~[?:?]
	at java.awt.EventQueue$5.run(EventQueue.java:743) ~[?:?]
	at java.security.AccessController.doPrivileged(Native Method) ~[?:?]
	at java.security.ProtectionDomain$JavaSecurityAccessImpl.doIntersectionPrivilege(ProtectionDomain.java:85) ~[?:?]
	at java.awt.EventQueue.dispatchEvent(EventQueue.java:742) ~[?:?]
	at java.awt.EventDispatchThread.pumpOneEventForFilters(EventDispatchThread.java:203) [?:?]
	at java.awt.EventDispatchThread.pumpEventsForFilter(EventDispatchThread.java:124) [?:?]
	at java.awt.EventDispatchThread.pumpEventsForHierarchy(EventDispatchThread.java:113) [?:?]
	at java.awt.EventDispatchThread.pumpEvents(EventDispatchThread.java:109) [?:?]
	at java.awt.EventDispatchThread.pumpEvents(EventDispatchThread.java:101) [?:?]
	at java.awt.EventDispatchThread.run(EventDispatchThread.java:90) [?:?]
2020-01-07 15:05:58,573 ERROR o.a.j.JMeter: Uncaught exception: 
java.lang.ClassCastException: class javax.swing.text.AbstractDocument$DefaultDocumentEventUndoableWrapper cannot be cast to class javax.swing.text.AbstractDocument$DefaultDocumentEvent (javax.swing.text.AbstractDocument$DefaultDocumentEventUndoableWrapper and javax.swing.text.AbstractDocument$DefaultDocumentEvent are in module java.desktop of loader 'bootstrap')
	at jsyntaxpane.CompoundUndoMan.undoableEditHappened(CompoundUndoMan.java:61) ~[jsyntaxpane-1.0.0.jar:1.0.0]
	at javax.swing.text.AbstractDocument.fireUndoableEditUpdate(AbstractDocument.java:293) ~[?:?]
	at javax.swing.text.AbstractDocument.handleRemove(AbstractDocument.java:632) ~[?:?]
	at javax.swing.text.AbstractDocument.remove(AbstractDocument.java:596) ~[?:?]
	at javax.swing.JEditorPane.setText(JEditorPane.java:1422) ~[?:?]
	at org.apache.jmeter.visualizers.SamplerResultTab.clearData(SamplerResultTab.java:207) ~[ApacheJMeter_components.jar:5.0 r1840935]
	at org.apache.jmeter.visualizers.SamplerResultTab.setupTabPane(SamplerResultTab.java:228) ~[ApacheJMeter_components.jar:5.0 r1840935]
	at org.apache.jmeter.visualizers.ViewResultsFullVisualizer.valueChanged(ViewResultsFullVisualizer.java:387) ~[ApacheJMeter_components.jar:5.0 r1840935]
	at org.apache.jmeter.visualizers.ViewResultsFullVisualizer.valueChanged(ViewResultsFullVisualizer.java:365) ~[ApacheJMeter_components.jar:5.0 r1840935]
	at javax.swing.JTree.fireValueChanged(JTree.java:2967) ~[?:?]
	at javax.swing.JTree$TreeSelectionRedirector.valueChanged(JTree.java:3456) ~[?:?]
	at javax.swing.tree.DefaultTreeSelectionModel.fireValueChanged(DefaultTreeSelectionModel.java:641) ~[?:?]
	at javax.swing.tree.DefaultTreeSelectionModel.notifyPathChange(DefaultTreeSelectionModel.java:1111) ~[?:?]
	at javax.swing.tree.DefaultTreeSelectionModel.setSelectionPaths(DefaultTreeSelectionModel.java:297) ~[?:?]
	at javax.swing.tree.DefaultTreeSelectionModel.setSelectionPath(DefaultTreeSelectionModel.java:191) ~[?:?]
	at javax.swing.JTree.setSelectionPath(JTree.java:1656) ~[?:?]
	at javax.swing.plaf.basic.BasicTreeUI.selectPathForEvent(BasicTreeUI.java:2736) ~[?:?]
	at javax.swing.plaf.basic.BasicTreeUI$Handler.handleSelection(BasicTreeUI.java:4016) ~[?:?]
	at javax.swing.plaf.basic.BasicTreeUI$Handler.mousePressed(BasicTreeUI.java:3955) ~[?:?]
	at java.awt.AWTEventMulticaster.mousePressed(AWTEventMulticaster.java:287) ~[?:?]
	at java.awt.Component.processMouseEvent(Component.java:6629) ~[?:?]
	at javax.swing.JComponent.processMouseEvent(JComponent.java:3342) ~[?:?]
	at java.awt.Component.processEvent(Component.java:6397) ~[?:?]
	at java.awt.Container.processEvent(Container.java:2263) ~[?:?]
	at java.awt.Component.dispatchEventImpl(Component.java:5008) ~[?:?]
	at java.awt.Container.dispatchEventImpl(Container.java:2321) ~[?:?]
	at java.awt.Component.dispatchEvent(Component.java:4840) ~[?:?]
	at java.awt.LightweightDispatcher.retargetMouseEvent(Container.java:4918) ~[?:?]
	at java.awt.LightweightDispatcher.processMouseEvent(Container.java:4544) ~[?:?]
	at java.awt.LightweightDispatcher.dispatchEvent(Container.java:4488) ~[?:?]
	at java.awt.Container.dispatchEventImpl(Container.java:2307) ~[?:?]
	at java.awt.Window.dispatchEventImpl(Window.java:2772) ~[?:?]
	at java.awt.Component.dispatchEvent(Component.java:4840) ~[?:?]
	at java.awt.EventQueue.dispatchEventImpl(EventQueue.java:772) ~[?:?]
	at java.awt.EventQueue$4.run(EventQueue.java:721) ~[?:?]
	at java.awt.EventQueue$4.run(EventQueue.java:715) ~[?:?]
	at java.security.AccessController.doPrivileged(Native Method) ~[?:?]
	at java.security.ProtectionDomain$JavaSecurityAccessImpl.doIntersectionPrivilege(ProtectionDomain.java:85) ~[?:?]
	at java.security.ProtectionDomain$JavaSecurityAccessImpl.doIntersectionPrivilege(ProtectionDomain.java:95) ~[?:?]
	at java.awt.EventQueue$5.run(EventQueue.java:745) ~[?:?]
	at java.awt.EventQueue$5.run(EventQueue.java:743) ~[?:?]
	at java.security.AccessController.doPrivileged(Native Method) ~[?:?]
	at java.security.ProtectionDomain$JavaSecurityAccessImpl.doIntersectionPrivilege(ProtectionDomain.java:85) ~[?:?]
	at java.awt.EventQueue.dispatchEvent(EventQueue.java:742) ~[?:?]
	at java.awt.EventDispatchThread.pumpOneEventForFilters(EventDispatchThread.java:203) [?:?]
	at java.awt.EventDispatchThread.pumpEventsForFilter(EventDispatchThread.java:124) [?:?]
	at java.awt.EventDispatchThread.pumpEventsForHierarchy(EventDispatchThread.java:113) [?:?]
	at java.awt.EventDispatchThread.pumpEvents(EventDispatchThread.java:109) [?:?]
	at java.awt.EventDispatchThread.pumpEvents(EventDispatchThread.java:101) [?:?]
	at java.awt.EventDispatchThread.run(EventDispatchThread.java:90) [?:?]
